G75*
%MOIN*%
%OFA0B0*%
%FSLAX25Y25*%
%IPPOS*%
%LPD*%
%AMOC8*
5,1,8,0,0,1.08239X$1,22.5*
%
%ADD10C,0.03937*%
D10*
X0079543Y0101917D02*
X0151197Y0106248D01*
X0181512Y0108413D01*
X0312811Y0117272D01*
X0344110Y0119043D01*
X0413598Y0123768D01*
X0413599Y0123768D02*
X0414063Y0123918D01*
X0414523Y0124080D01*
X0414980Y0124253D01*
X0415432Y0124436D01*
X0415879Y0124631D01*
X0416321Y0124837D01*
X0416759Y0125054D01*
X0417190Y0125281D01*
X0417616Y0125519D01*
X0418037Y0125767D01*
X0418450Y0126025D01*
X0418858Y0126293D01*
X0419259Y0126572D01*
X0419652Y0126860D01*
X0420039Y0127157D01*
X0420418Y0127464D01*
X0420790Y0127781D01*
X0421153Y0128106D01*
X0421509Y0128440D01*
X0421856Y0128783D01*
X0422195Y0129134D01*
X0422525Y0129493D01*
X0422846Y0129861D01*
X0423158Y0130236D01*
X0423461Y0130618D01*
X0423754Y0131008D01*
X0424038Y0131405D01*
X0424312Y0131809D01*
X0424576Y0132219D01*
X0424829Y0132636D01*
X0425073Y0133059D01*
X0425306Y0133488D01*
X0425528Y0133922D01*
X0425740Y0134362D01*
X0425940Y0134806D01*
X0426130Y0135256D01*
X0426309Y0135710D01*
X0426477Y0136168D01*
X0426633Y0136630D01*
X0426778Y0137096D01*
X0426911Y0137565D01*
X0427033Y0138038D01*
X0427143Y0138513D01*
X0427242Y0138991D01*
X0427329Y0139471D01*
X0427404Y0139953D01*
X0427467Y0140437D01*
X0427518Y0140922D01*
X0427557Y0141409D01*
X0427585Y0141896D01*
X0427600Y0142383D01*
X0427604Y0142871D01*
X0427595Y0143359D01*
X0427575Y0143847D01*
X0427575Y0143846D02*
X0423638Y0216484D01*
X0421866Y0247783D01*
X0414386Y0376917D01*
X0412024Y0409594D01*
X0402181Y0539713D01*
X0400016Y0570618D01*
X0386039Y0703295D01*
X0372260Y0781248D01*
X0357299Y0824555D02*
X0352181Y0834004D01*
X0347063Y0841091D01*
X0320291Y0874161D01*
X0282693Y0913531D01*
X0251394Y0940303D01*
X0251311Y0940406D01*
X0251232Y0940511D01*
X0251155Y0940619D01*
X0251082Y0940728D01*
X0251012Y0940840D01*
X0250945Y0940953D01*
X0250882Y0941069D01*
X0250822Y0941186D01*
X0250765Y0941305D01*
X0250712Y0941426D01*
X0250663Y0941548D01*
X0250617Y0941672D01*
X0250574Y0941796D01*
X0250535Y0941922D01*
X0250500Y0942049D01*
X0250469Y0942177D01*
X0250442Y0942306D01*
X0250418Y0942436D01*
X0250398Y0942566D01*
X0250382Y0942697D01*
X0250369Y0942828D01*
X0250361Y0942960D01*
X0250356Y0943092D01*
X0250355Y0943223D01*
X0250358Y0943355D01*
X0250365Y0943487D01*
X0250376Y0943618D01*
X0250390Y0943749D01*
X0250408Y0943880D01*
X0250430Y0944010D01*
X0250456Y0944139D01*
X0250486Y0944267D01*
X0250519Y0944395D01*
X0250556Y0944521D01*
X0250597Y0944647D01*
X0250641Y0944771D01*
X0250689Y0944893D01*
X0250741Y0945015D01*
X0250796Y0945134D01*
X0250854Y0945253D01*
X0250916Y0945369D01*
X0250982Y0945483D01*
X0251050Y0945596D01*
X0251122Y0945706D01*
X0251197Y0945815D01*
X0266945Y0967862D01*
X0267030Y0967962D01*
X0267112Y0968065D01*
X0267191Y0968171D01*
X0267267Y0968279D01*
X0267339Y0968389D01*
X0267409Y0968501D01*
X0267475Y0968615D01*
X0267537Y0968731D01*
X0267596Y0968849D01*
X0267651Y0968968D01*
X0267703Y0969089D01*
X0267751Y0969212D01*
X0267795Y0969336D01*
X0267836Y0969461D01*
X0267873Y0969588D01*
X0267906Y0969715D01*
X0267935Y0969844D01*
X0267961Y0969973D01*
X0267982Y0970103D01*
X0268000Y0970234D01*
X0268014Y0970365D01*
X0268023Y0970496D01*
X0268029Y0970628D01*
X0268031Y0970759D01*
X0268029Y0970891D01*
X0268023Y0971023D01*
X0268013Y0971154D01*
X0267999Y0971285D01*
X0267981Y0971416D01*
X0267960Y0971546D01*
X0267934Y0971675D01*
X0267904Y0971803D01*
X0267871Y0971931D01*
X0267834Y0972057D01*
X0267793Y0972183D01*
X0267749Y0972306D01*
X0267700Y0972429D01*
X0267648Y0972550D01*
X0267593Y0972670D01*
X0267534Y0972787D01*
X0267471Y0972903D01*
X0267405Y0973017D01*
X0267336Y0973129D01*
X0267263Y0973239D01*
X0267187Y0973347D01*
X0267108Y0973452D01*
X0267025Y0973555D01*
X0266940Y0973655D01*
X0266852Y0973753D01*
X0266761Y0973848D01*
X0266667Y0973940D01*
X0266570Y0974030D01*
X0266470Y0974116D01*
X0266368Y0974200D01*
X0266264Y0974280D01*
X0266157Y0974357D01*
X0266157Y0974358D02*
X0202969Y1018650D01*
X0202772Y1018650D02*
X0204937Y1017272D01*
X0202771Y1018650D02*
X0202610Y1018665D01*
X0202447Y1018677D01*
X0202285Y1018684D01*
X0202123Y1018688D01*
X0201960Y1018687D01*
X0201798Y1018683D01*
X0201635Y1018675D01*
X0201473Y1018662D01*
X0201312Y1018646D01*
X0201150Y1018626D01*
X0200990Y1018602D01*
X0200830Y1018574D01*
X0200670Y1018543D01*
X0200512Y1018507D01*
X0200354Y1018468D01*
X0200197Y1018424D01*
X0200042Y1018378D01*
X0199887Y1018327D01*
X0199734Y1018272D01*
X0199582Y1018214D01*
X0199432Y1018152D01*
X0199283Y1018087D01*
X0199136Y1018018D01*
X0198991Y1017946D01*
X0198847Y1017870D01*
X0198705Y1017790D01*
X0198566Y1017707D01*
X0198428Y1017621D01*
X0198292Y1017531D01*
X0198159Y1017439D01*
X0198028Y1017343D01*
X0197899Y1017244D01*
X0197773Y1017141D01*
X0197649Y1017036D01*
X0197527Y1016928D01*
X0197409Y1016817D01*
X0197293Y1016703D01*
X0197180Y1016586D01*
X0197070Y1016467D01*
X0196962Y1016345D01*
X0196858Y1016220D01*
X0196757Y1016093D01*
X0196659Y1015963D01*
X0196564Y1015831D01*
X0196472Y1015697D01*
X0184661Y0997980D01*
X0184662Y0997980D02*
X0184612Y0997874D01*
X0184560Y0997770D01*
X0184503Y0997668D01*
X0184444Y0997567D01*
X0184381Y0997469D01*
X0184315Y0997373D01*
X0184245Y0997279D01*
X0184173Y0997187D01*
X0184097Y0997098D01*
X0184019Y0997012D01*
X0183938Y0996928D01*
X0183854Y0996847D01*
X0183767Y0996768D01*
X0183678Y0996693D01*
X0183587Y0996621D01*
X0183493Y0996551D01*
X0183397Y0996485D01*
X0183298Y0996422D01*
X0183198Y0996362D01*
X0183096Y0996306D01*
X0182992Y0996253D01*
X0182886Y0996204D01*
X0182779Y0996158D01*
X0182670Y0996116D01*
X0182560Y0996077D01*
X0182448Y0996043D01*
X0182336Y0996011D01*
X0182222Y0995984D01*
X0182108Y0995960D01*
X0181993Y0995941D01*
X0181877Y0995925D01*
X0181761Y0995912D01*
X0181645Y0995904D01*
X0181528Y0995900D01*
X0181411Y0995899D01*
X0181295Y0995903D01*
X0181178Y0995910D01*
X0181062Y0995921D01*
X0180946Y0995936D01*
X0180831Y0995955D01*
X0180716Y0995977D01*
X0180603Y0996004D01*
X0180490Y0996034D01*
X0180378Y0996068D01*
X0180268Y0996105D01*
X0180159Y0996147D01*
X0180051Y0996191D01*
X0179945Y0996240D01*
X0179840Y0996292D01*
X0179737Y0996347D01*
X0179636Y0996406D01*
X0179537Y0996468D01*
X0179441Y0996533D01*
X0179346Y0996602D01*
X0167535Y1005461D01*
X0167536Y1005461D02*
X0167454Y1005555D01*
X0167369Y1005646D01*
X0167282Y1005734D01*
X0167192Y1005819D01*
X0167099Y1005902D01*
X0167004Y1005981D01*
X0166906Y1006058D01*
X0166806Y1006131D01*
X0166703Y1006201D01*
X0166599Y1006268D01*
X0166492Y1006332D01*
X0166383Y1006392D01*
X0166273Y1006449D01*
X0166161Y1006502D01*
X0166047Y1006552D01*
X0165932Y1006598D01*
X0165815Y1006640D01*
X0165697Y1006679D01*
X0165578Y1006713D01*
X0165457Y1006745D01*
X0165336Y1006772D01*
X0165214Y1006795D01*
X0165092Y1006815D01*
X0164969Y1006831D01*
X0164845Y1006843D01*
X0164721Y1006850D01*
X0164597Y1006854D01*
X0164473Y1006855D01*
X0164349Y1006851D01*
X0164225Y1006843D01*
X0164101Y1006831D01*
X0163978Y1006816D01*
X0163855Y1006796D01*
X0163733Y1006773D01*
X0163612Y1006746D01*
X0163492Y1006715D01*
X0163373Y1006680D01*
X0163255Y1006642D01*
X0163138Y1006600D01*
X0163022Y1006554D01*
X0162909Y1006504D01*
X0162796Y1006451D01*
X0162686Y1006395D01*
X0162577Y1006335D01*
X0162470Y1006271D01*
X0162366Y1006205D01*
X0162263Y1006135D01*
X0162163Y1006061D01*
X0162065Y1005985D01*
X0161969Y1005906D01*
X0161876Y1005823D01*
X0161786Y1005738D01*
X0161699Y1005650D01*
X0161614Y1005559D01*
X0161532Y1005466D01*
X0161453Y1005370D01*
X0161378Y1005271D01*
X0161305Y1005170D01*
X0161236Y1005067D01*
X0131512Y0959398D01*
X0131511Y0959397D02*
X0131171Y0959005D01*
X0130840Y0958604D01*
X0130519Y0958195D01*
X0130207Y0957779D01*
X0129907Y0957355D01*
X0129616Y0956924D01*
X0129336Y0956486D01*
X0129067Y0956041D01*
X0128809Y0955590D01*
X0128562Y0955133D01*
X0128326Y0954670D01*
X0128101Y0954201D01*
X0127888Y0953727D01*
X0127687Y0953247D01*
X0127497Y0952764D01*
X0127319Y0952275D01*
X0127153Y0951783D01*
X0126999Y0951286D01*
X0126857Y0950786D01*
X0126728Y0950283D01*
X0126610Y0949776D01*
X0126505Y0949267D01*
X0126413Y0948756D01*
X0126333Y0948242D01*
X0126265Y0947727D01*
X0126211Y0947210D01*
X0126168Y0946692D01*
X0126139Y0946173D01*
X0126122Y0945653D01*
X0126117Y0945133D01*
X0126125Y0944614D01*
X0126146Y0944094D01*
X0126180Y0943576D01*
X0126226Y0943058D01*
X0126285Y0942541D01*
X0126356Y0942026D01*
X0126440Y0941513D01*
X0126537Y0941003D01*
X0126645Y0940494D01*
X0126766Y0939989D01*
X0126900Y0939487D01*
X0127045Y0938988D01*
X0127203Y0938492D01*
X0127373Y0938001D01*
X0127554Y0937514D01*
X0127748Y0937031D01*
X0127953Y0936554D01*
X0128170Y0936081D01*
X0128398Y0935614D01*
X0128637Y0935153D01*
X0128888Y0934697D01*
X0129149Y0934248D01*
X0129422Y0933806D01*
X0129705Y0933370D01*
X0129999Y0932941D01*
X0130303Y0932519D01*
X0130617Y0932105D01*
X0130941Y0931699D01*
X0131275Y0931301D01*
X0131619Y0930911D01*
X0131972Y0930529D01*
X0132334Y0930156D01*
X0132705Y0929792D01*
X0133085Y0929438D01*
X0133474Y0929092D01*
X0133871Y0928756D01*
X0134275Y0928430D01*
X0134688Y0928114D01*
X0135108Y0927808D01*
X0135536Y0927513D01*
X0135970Y0927228D01*
X0136412Y0926953D01*
X0136860Y0926689D01*
X0137314Y0926437D01*
X0137774Y0926195D01*
X0138240Y0925965D01*
X0138712Y0925746D01*
X0139189Y0925539D01*
X0139189Y0925540D02*
X0139332Y0925478D01*
X0139474Y0925411D01*
X0139614Y0925342D01*
X0139753Y0925269D01*
X0139889Y0925192D01*
X0140024Y0925112D01*
X0140156Y0925028D01*
X0140286Y0924941D01*
X0140414Y0924851D01*
X0140540Y0924758D01*
X0140663Y0924661D01*
X0140783Y0924561D01*
X0140901Y0924459D01*
X0141017Y0924353D01*
X0141130Y0924244D01*
X0141239Y0924133D01*
X0141346Y0924019D01*
X0141451Y0923902D01*
X0141552Y0923782D01*
X0141650Y0923660D01*
X0141745Y0923536D01*
X0141836Y0923409D01*
X0141925Y0923280D01*
X0142010Y0923149D01*
X0142092Y0923015D01*
X0142170Y0922880D01*
X0142245Y0922742D01*
X0142316Y0922603D01*
X0142384Y0922462D01*
X0142448Y0922319D01*
X0142509Y0922175D01*
X0142566Y0922029D01*
X0142619Y0921882D01*
X0142668Y0921734D01*
X0142714Y0921584D01*
X0142755Y0921433D01*
X0142793Y0921281D01*
X0142827Y0921128D01*
X0142857Y0920975D01*
X0142884Y0920821D01*
X0142906Y0920666D01*
X0142924Y0920510D01*
X0142939Y0920354D01*
X0142949Y0920198D01*
X0142956Y0920042D01*
X0142958Y0919885D01*
X0142956Y0919729D01*
X0142951Y0919572D01*
X0142941Y0919416D01*
X0142928Y0919260D01*
X0142911Y0919105D01*
X0142889Y0918950D01*
X0142864Y0918795D01*
X0142835Y0918642D01*
X0142802Y0918489D01*
X0142765Y0918337D01*
X0142724Y0918185D01*
X0142679Y0918035D01*
X0142631Y0917887D01*
X0142578Y0917739D01*
X0142522Y0917593D01*
X0142463Y0917448D01*
X0142399Y0917305D01*
X0142332Y0917164D01*
X0142262Y0917024D01*
X0142188Y0916886D01*
X0142110Y0916750D01*
X0142029Y0916616D01*
X0141945Y0916484D01*
X0077575Y0818650D01*
X0077482Y0818553D01*
X0077392Y0818454D01*
X0077305Y0818352D01*
X0077222Y0818248D01*
X0077141Y0818141D01*
X0077063Y0818032D01*
X0076989Y0817921D01*
X0076918Y0817807D01*
X0076850Y0817692D01*
X0076786Y0817575D01*
X0076725Y0817455D01*
X0076667Y0817334D01*
X0076614Y0817212D01*
X0076563Y0817088D01*
X0076517Y0816962D01*
X0076474Y0816836D01*
X0076435Y0816708D01*
X0076399Y0816579D01*
X0076367Y0816449D01*
X0076339Y0816318D01*
X0076315Y0816186D01*
X0076295Y0816054D01*
X0076279Y0815921D01*
X0076266Y0815788D01*
X0076258Y0815654D01*
X0076253Y0815520D01*
X0076252Y0815386D01*
X0076255Y0815253D01*
X0076262Y0815119D01*
X0076273Y0814986D01*
X0076288Y0814853D01*
X0076307Y0814720D01*
X0076329Y0814588D01*
X0076355Y0814457D01*
X0076386Y0814326D01*
X0076420Y0814197D01*
X0076457Y0814069D01*
X0076499Y0813941D01*
X0076544Y0813815D01*
X0076593Y0813691D01*
X0076645Y0813567D01*
X0076701Y0813446D01*
X0076760Y0813326D01*
X0076823Y0813208D01*
X0076890Y0813092D01*
X0076959Y0812977D01*
X0077033Y0812865D01*
X0077109Y0812755D01*
X0077188Y0812648D01*
X0077271Y0812542D01*
X0077356Y0812439D01*
X0077445Y0812339D01*
X0077536Y0812241D01*
X0077631Y0812146D01*
X0077728Y0812054D01*
X0077827Y0811964D01*
X0077929Y0811878D01*
X0078034Y0811795D01*
X0078141Y0811714D01*
X0078250Y0811637D01*
X0078362Y0811563D01*
X0102575Y0796012D01*
X0102711Y0795928D01*
X0102850Y0795848D01*
X0102991Y0795772D01*
X0103134Y0795698D01*
X0103278Y0795629D01*
X0103424Y0795562D01*
X0103571Y0795499D01*
X0103720Y0795440D01*
X0103871Y0795385D01*
X0104022Y0795333D01*
X0104175Y0795285D01*
X0104329Y0795240D01*
X0104484Y0795199D01*
X0104640Y0795162D01*
X0104797Y0795129D01*
X0104955Y0795100D01*
X0105113Y0795074D01*
X0105272Y0795052D01*
X0105431Y0795034D01*
X0105591Y0795020D01*
X0105751Y0795010D01*
X0105911Y0795004D01*
X0106071Y0795001D01*
X0106231Y0795002D01*
X0106391Y0795008D01*
X0106552Y0795017D01*
X0106711Y0795030D01*
X0106871Y0795047D01*
X0107030Y0795067D01*
X0107188Y0795092D01*
X0107346Y0795120D01*
X0107503Y0795152D01*
X0107659Y0795188D01*
X0107814Y0795228D01*
X0107969Y0795271D01*
X0108122Y0795319D01*
X0108274Y0795369D01*
X0108425Y0795424D01*
X0108574Y0795482D01*
X0108722Y0795544D01*
X0108868Y0795609D01*
X0109013Y0795678D01*
X0109156Y0795750D01*
X0109297Y0795826D01*
X0109437Y0795905D01*
X0109574Y0795988D01*
X0109710Y0796073D01*
X0109843Y0796162D01*
X0109974Y0796255D01*
X0110103Y0796350D01*
X0110229Y0796448D01*
X0110354Y0796550D01*
X0110475Y0796654D01*
X0110594Y0796762D01*
X0110711Y0796872D01*
X0110824Y0796985D01*
X0110935Y0797100D01*
X0111043Y0797219D01*
X0111149Y0797340D01*
X0111251Y0797463D01*
X0111350Y0797589D01*
X0111446Y0797717D01*
X0111540Y0797848D01*
X0111629Y0797980D01*
X0111630Y0797980D02*
X0194504Y0923571D01*
X0194609Y0923716D01*
X0194718Y0923859D01*
X0194830Y0923999D01*
X0194945Y0924136D01*
X0195064Y0924270D01*
X0195186Y0924402D01*
X0195311Y0924530D01*
X0195439Y0924656D01*
X0195570Y0924778D01*
X0195704Y0924897D01*
X0195841Y0925013D01*
X0195980Y0925125D01*
X0196123Y0925234D01*
X0196267Y0925340D01*
X0196415Y0925442D01*
X0196565Y0925540D01*
X0196717Y0925635D01*
X0196871Y0925726D01*
X0197028Y0925814D01*
X0197187Y0925897D01*
X0197347Y0925977D01*
X0197510Y0926052D01*
X0197674Y0926124D01*
X0197840Y0926192D01*
X0198008Y0926256D01*
X0198177Y0926315D01*
X0198347Y0926371D01*
X0198519Y0926422D01*
X0198692Y0926469D01*
X0198866Y0926512D01*
X0199041Y0926551D01*
X0199217Y0926585D01*
X0199394Y0926616D01*
X0199571Y0926642D01*
X0199749Y0926663D01*
X0199928Y0926681D01*
X0200106Y0926694D01*
X0200285Y0926702D01*
X0200465Y0926706D01*
X0200644Y0926706D01*
X0200823Y0926702D01*
X0201002Y0926693D01*
X0201181Y0926680D01*
X0201359Y0926663D01*
X0201537Y0926641D01*
X0201715Y0926615D01*
X0201892Y0926585D01*
X0202067Y0926550D01*
X0202243Y0926512D01*
X0202417Y0926469D01*
X0202589Y0926421D01*
X0202761Y0926370D01*
X0202932Y0926314D01*
X0203101Y0926255D01*
X0203268Y0926191D01*
X0203434Y0926123D01*
X0203599Y0926051D01*
X0203761Y0925976D01*
X0203922Y0925896D01*
X0204080Y0925812D01*
X0204237Y0925725D01*
X0204391Y0925634D01*
X0204543Y0925539D01*
X0274031Y0865106D02*
X0295291Y0840303D01*
X0357299Y0824555D02*
X0358831Y0821646D01*
X0360294Y0818703D01*
X0361688Y0815726D01*
X0363012Y0812717D01*
X0364266Y0809678D01*
X0365447Y0806610D01*
X0366557Y0803516D01*
X0367594Y0800396D01*
X0368558Y0797253D01*
X0369448Y0794088D01*
X0370263Y0790904D01*
X0371004Y0787701D01*
X0371670Y0784482D01*
X0372260Y0781248D01*
X0337811Y0749752D02*
X0340173Y0733217D01*
X0345882Y0699161D01*
X0347457Y0690697D01*
X0358480Y0569634D01*
X0361236Y0537350D01*
X0370685Y0409004D01*
X0373047Y0376524D01*
X0381118Y0247390D01*
X0383283Y0214516D01*
X0386236Y0167075D01*
X0386234Y0166928D01*
X0386228Y0166782D01*
X0386218Y0166635D01*
X0386205Y0166489D01*
X0386187Y0166343D01*
X0386166Y0166198D01*
X0386141Y0166054D01*
X0386111Y0165910D01*
X0386079Y0165767D01*
X0386042Y0165625D01*
X0386001Y0165484D01*
X0385957Y0165344D01*
X0385909Y0165205D01*
X0385858Y0165068D01*
X0385802Y0164932D01*
X0385743Y0164797D01*
X0385681Y0164665D01*
X0385615Y0164533D01*
X0385546Y0164404D01*
X0385473Y0164277D01*
X0385397Y0164151D01*
X0385317Y0164028D01*
X0385234Y0163907D01*
X0385149Y0163788D01*
X0385059Y0163671D01*
X0384967Y0163557D01*
X0384872Y0163445D01*
X0384774Y0163336D01*
X0384673Y0163230D01*
X0384569Y0163126D01*
X0384463Y0163025D01*
X0384354Y0162927D01*
X0384242Y0162832D01*
X0384128Y0162740D01*
X0384011Y0162650D01*
X0383892Y0162565D01*
X0383771Y0162482D01*
X0383648Y0162402D01*
X0383522Y0162326D01*
X0383395Y0162253D01*
X0383266Y0162184D01*
X0383134Y0162118D01*
X0383002Y0162056D01*
X0382867Y0161997D01*
X0382731Y0161941D01*
X0382594Y0161890D01*
X0382455Y0161842D01*
X0382315Y0161798D01*
X0382174Y0161757D01*
X0382032Y0161720D01*
X0381889Y0161688D01*
X0381745Y0161658D01*
X0381601Y0161633D01*
X0381456Y0161612D01*
X0381310Y0161594D01*
X0381164Y0161581D01*
X0381017Y0161571D01*
X0380871Y0161565D01*
X0380724Y0161563D01*
X0380331Y0161563D01*
X0103756Y0142862D01*
X0100606Y0142862D01*
X0100606Y0142863D02*
X0100490Y0142865D01*
X0100374Y0142871D01*
X0100259Y0142880D01*
X0100144Y0142893D01*
X0100029Y0142910D01*
X0099915Y0142931D01*
X0099801Y0142956D01*
X0099689Y0142984D01*
X0099578Y0143016D01*
X0099467Y0143051D01*
X0099358Y0143090D01*
X0099250Y0143133D01*
X0099144Y0143179D01*
X0099039Y0143228D01*
X0098936Y0143281D01*
X0098835Y0143338D01*
X0098735Y0143397D01*
X0098638Y0143460D01*
X0098542Y0143526D01*
X0098449Y0143595D01*
X0098358Y0143667D01*
X0098270Y0143742D01*
X0098184Y0143820D01*
X0098101Y0143901D01*
X0098020Y0143984D01*
X0097942Y0144070D01*
X0097867Y0144158D01*
X0097795Y0144249D01*
X0097726Y0144342D01*
X0097660Y0144438D01*
X0097597Y0144535D01*
X0097538Y0144635D01*
X0097481Y0144736D01*
X0097428Y0144839D01*
X0097379Y0144944D01*
X0097333Y0145050D01*
X0097290Y0145158D01*
X0097251Y0145267D01*
X0097216Y0145378D01*
X0097184Y0145489D01*
X0097156Y0145601D01*
X0097131Y0145715D01*
X0097110Y0145829D01*
X0097093Y0145944D01*
X0097080Y0146059D01*
X0097071Y0146174D01*
X0097065Y0146290D01*
X0097063Y0146406D01*
X0092535Y0187547D01*
X0088992Y0219240D01*
X0073441Y0349555D01*
X0069307Y0381248D01*
X0053559Y0506642D01*
X0049819Y0538138D01*
X0045685Y0668453D01*
X0042535Y0716091D01*
X0042536Y0716091D02*
X0042534Y0716218D01*
X0042528Y0716345D01*
X0042518Y0716472D01*
X0042505Y0716599D01*
X0042487Y0716725D01*
X0042466Y0716851D01*
X0042440Y0716975D01*
X0042411Y0717099D01*
X0042378Y0717222D01*
X0042341Y0717344D01*
X0042301Y0717465D01*
X0042257Y0717584D01*
X0042209Y0717702D01*
X0042158Y0717819D01*
X0042103Y0717934D01*
X0042044Y0718047D01*
X0041982Y0718158D01*
X0041917Y0718267D01*
X0041848Y0718374D01*
X0041776Y0718480D01*
X0041701Y0718582D01*
X0041623Y0718683D01*
X0041541Y0718781D01*
X0041457Y0718876D01*
X0041370Y0718969D01*
X0041280Y0719059D01*
X0041187Y0719146D01*
X0041092Y0719230D01*
X0040994Y0719312D01*
X0040893Y0719390D01*
X0040791Y0719465D01*
X0040685Y0719537D01*
X0040578Y0719606D01*
X0040469Y0719671D01*
X0040358Y0719733D01*
X0040245Y0719792D01*
X0040130Y0719847D01*
X0040013Y0719898D01*
X0039895Y0719946D01*
X0039776Y0719990D01*
X0039655Y0720030D01*
X0039533Y0720067D01*
X0039410Y0720100D01*
X0039286Y0720129D01*
X0039162Y0720155D01*
X0039036Y0720176D01*
X0038910Y0720194D01*
X0038783Y0720207D01*
X0038656Y0720217D01*
X0038529Y0720223D01*
X0038402Y0720225D01*
X0038402Y0720224D02*
X0036827Y0720224D01*
X0008874Y0718453D01*
X0006315Y0718453D01*
X0006315Y0718452D02*
X0006201Y0718450D01*
X0006087Y0718444D01*
X0005973Y0718434D01*
X0005859Y0718421D01*
X0005746Y0718403D01*
X0005634Y0718382D01*
X0005523Y0718357D01*
X0005412Y0718328D01*
X0005303Y0718295D01*
X0005194Y0718259D01*
X0005088Y0718219D01*
X0004982Y0718175D01*
X0004878Y0718128D01*
X0004776Y0718077D01*
X0004675Y0718023D01*
X0004576Y0717965D01*
X0004480Y0717904D01*
X0004385Y0717840D01*
X0004293Y0717772D01*
X0004203Y0717702D01*
X0004116Y0717628D01*
X0004031Y0717551D01*
X0003949Y0717472D01*
X0003870Y0717390D01*
X0003793Y0717305D01*
X0003719Y0717218D01*
X0003649Y0717128D01*
X0003581Y0717036D01*
X0003517Y0716941D01*
X0003456Y0716845D01*
X0003398Y0716746D01*
X0003344Y0716645D01*
X0003293Y0716543D01*
X0003246Y0716439D01*
X0003202Y0716333D01*
X0003162Y0716227D01*
X0003126Y0716118D01*
X0003093Y0716009D01*
X0003064Y0715898D01*
X0003039Y0715787D01*
X0003018Y0715675D01*
X0003000Y0715562D01*
X0002987Y0715448D01*
X0002977Y0715334D01*
X0002971Y0715220D01*
X0002969Y0715106D01*
X0005331Y0669240D01*
X0009858Y0535382D01*
X0013598Y0505264D01*
X0028953Y0377508D01*
X0032693Y0346012D01*
X0048244Y0215303D01*
X0052181Y0184398D01*
X0057299Y0141681D01*
X0062024Y0116681D01*
X0062023Y0116681D02*
X0062073Y0116277D01*
X0062133Y0115873D01*
X0062202Y0115472D01*
X0062282Y0115072D01*
X0062371Y0114674D01*
X0062469Y0114278D01*
X0062578Y0113885D01*
X0062696Y0113495D01*
X0062824Y0113108D01*
X0062961Y0112724D01*
X0063107Y0112343D01*
X0063263Y0111967D01*
X0063428Y0111594D01*
X0063602Y0111225D01*
X0063786Y0110861D01*
X0063977Y0110501D01*
X0064178Y0110146D01*
X0064388Y0109796D01*
X0064606Y0109452D01*
X0064832Y0109113D01*
X0065066Y0108779D01*
X0065309Y0108451D01*
X0065560Y0108130D01*
X0065818Y0107815D01*
X0066084Y0107506D01*
X0066358Y0107203D01*
X0066639Y0106908D01*
X0066927Y0106619D01*
X0067222Y0106338D01*
X0067524Y0106064D01*
X0067832Y0105797D01*
X0068147Y0105539D01*
X0068469Y0105287D01*
X0068796Y0105044D01*
X0069129Y0104809D01*
X0069468Y0104582D01*
X0069812Y0104364D01*
X0070162Y0104154D01*
X0070516Y0103953D01*
X0070876Y0103760D01*
X0071240Y0103577D01*
X0071608Y0103402D01*
X0071981Y0103237D01*
X0072357Y0103080D01*
X0072738Y0102933D01*
X0073121Y0102796D01*
X0073508Y0102667D01*
X0073899Y0102549D01*
X0074291Y0102440D01*
X0074687Y0102340D01*
X0075085Y0102250D01*
X0075484Y0102171D01*
X0075886Y0102100D01*
X0076289Y0102040D01*
X0076694Y0101990D01*
X0077100Y0101950D01*
X0077506Y0101919D01*
X0077913Y0101899D01*
X0078321Y0101888D01*
X0078729Y0101888D01*
X0079136Y0101898D01*
X0079544Y0101917D01*
X0274031Y0865106D02*
X0268948Y0870891D01*
X0263726Y0876552D01*
X0258366Y0882083D01*
X0252874Y0887481D01*
X0247251Y0892745D01*
X0241502Y0897869D01*
X0235630Y0902852D01*
X0229638Y0907690D01*
X0223529Y0912380D01*
X0217308Y0916920D01*
X0210978Y0921307D01*
X0204543Y0925539D01*
X0295292Y0840303D02*
X0297083Y0838707D01*
X0298838Y0837070D01*
X0300553Y0835393D01*
X0302229Y0833676D01*
X0303865Y0831920D01*
X0305459Y0830127D01*
X0307011Y0828297D01*
X0308520Y0826432D01*
X0309986Y0824532D01*
X0311406Y0822599D01*
X0312782Y0820633D01*
X0314111Y0818635D01*
X0315393Y0816607D01*
X0316628Y0814550D01*
X0317815Y0812465D01*
X0318953Y0810352D01*
X0320041Y0808214D01*
X0321079Y0806051D01*
X0323098Y0801573D01*
X0325007Y0797047D01*
X0326804Y0792476D01*
X0328489Y0787862D01*
X0330060Y0783208D01*
X0331517Y0778517D01*
X0332859Y0773792D01*
X0334084Y0769035D01*
X0335193Y0764250D01*
X0336184Y0759439D01*
X0337057Y0754605D01*
X0337811Y0749752D01*
M02*
