G75*
%MOIN*%
%OFA0B0*%
%FSLAX25Y25*%
%IPPOS*%
%LPD*%
%AMOC8*
5,1,8,0,0,1.08239X$1,22.5*
%
%ADD10C,0.03937*%
D10*
X0179730Y0245518D02*
X0199219Y0315006D01*
X0231108Y0428982D01*
X0244297Y0508510D01*
X0278746Y0694337D01*
X0278776Y0694486D01*
X0278809Y0694634D01*
X0278846Y0694782D01*
X0278887Y0694928D01*
X0278932Y0695074D01*
X0278981Y0695218D01*
X0279033Y0695361D01*
X0279089Y0695502D01*
X0279149Y0695642D01*
X0279212Y0695781D01*
X0279279Y0695917D01*
X0279349Y0696052D01*
X0279423Y0696185D01*
X0279500Y0696317D01*
X0279580Y0696446D01*
X0279664Y0696573D01*
X0279751Y0696698D01*
X0279841Y0696820D01*
X0279934Y0696940D01*
X0280031Y0697058D01*
X0280130Y0697173D01*
X0280233Y0697286D01*
X0280338Y0697396D01*
X0280446Y0697503D01*
X0280556Y0697607D01*
X0280670Y0697709D01*
X0280786Y0697807D01*
X0280904Y0697903D01*
X0281025Y0697995D01*
X0281148Y0698084D01*
X0281274Y0698170D01*
X0281401Y0698253D01*
X0281531Y0698333D01*
X0281663Y0698409D01*
X0281797Y0698481D01*
X0281932Y0698551D01*
X0282069Y0698616D01*
X0282208Y0698678D01*
X0282349Y0698737D01*
X0282491Y0698792D01*
X0282634Y0698843D01*
X0282778Y0698890D01*
X0282924Y0698934D01*
X0283071Y0698974D01*
X0283219Y0699010D01*
X0283367Y0699043D01*
X0283517Y0699071D01*
X0283667Y0699096D01*
X0283818Y0699117D01*
X0283969Y0699134D01*
X0284121Y0699147D01*
X0284272Y0699156D01*
X0284425Y0699161D01*
X0284577Y0699162D01*
X0284729Y0699159D01*
X0284881Y0699153D01*
X0285033Y0699142D01*
X0285184Y0699128D01*
X0285335Y0699109D01*
X0285486Y0699087D01*
X0285635Y0699061D01*
X0285636Y0699061D02*
X0310833Y0696305D01*
X0311026Y0696281D01*
X0311218Y0696253D01*
X0311410Y0696220D01*
X0311601Y0696183D01*
X0311791Y0696140D01*
X0311979Y0696093D01*
X0312167Y0696042D01*
X0312353Y0695986D01*
X0312538Y0695925D01*
X0312721Y0695860D01*
X0312903Y0695790D01*
X0313083Y0695716D01*
X0313261Y0695637D01*
X0313437Y0695555D01*
X0313611Y0695467D01*
X0313782Y0695376D01*
X0313952Y0695281D01*
X0314119Y0695181D01*
X0314283Y0695077D01*
X0314445Y0694969D01*
X0314605Y0694858D01*
X0314761Y0694742D01*
X0314915Y0694623D01*
X0315065Y0694500D01*
X0315213Y0694373D01*
X0315357Y0694243D01*
X0315498Y0694109D01*
X0315636Y0693972D01*
X0315771Y0693831D01*
X0315902Y0693687D01*
X0316029Y0693540D01*
X0316153Y0693390D01*
X0316273Y0693237D01*
X0316389Y0693081D01*
X0316501Y0692922D01*
X0316610Y0692761D01*
X0316714Y0692597D01*
X0316815Y0692430D01*
X0316911Y0692261D01*
X0317003Y0692090D01*
X0317091Y0691916D01*
X0317175Y0691741D01*
X0317254Y0691563D01*
X0317329Y0691384D01*
X0317132Y0686266D01*
X0313982Y0668943D01*
X0308864Y0637250D01*
X0284061Y0502998D01*
X0278943Y0471699D01*
X0270478Y0421305D01*
X0246463Y0335675D01*
X0237604Y0304573D01*
X0227565Y0271305D01*
X0220281Y0246699D01*
X0220242Y0246560D01*
X0220207Y0246420D01*
X0220176Y0246280D01*
X0220148Y0246139D01*
X0220124Y0245997D01*
X0220104Y0245854D01*
X0220088Y0245711D01*
X0220075Y0245567D01*
X0220067Y0245424D01*
X0220062Y0245280D01*
X0220061Y0245136D01*
X0220064Y0244992D01*
X0220071Y0244848D01*
X0220082Y0244704D01*
X0220097Y0244561D01*
X0220115Y0244418D01*
X0220138Y0244276D01*
X0220164Y0244134D01*
X0220194Y0243993D01*
X0220227Y0243853D01*
X0220265Y0243714D01*
X0220306Y0243576D01*
X0220351Y0243439D01*
X0220400Y0243304D01*
X0220452Y0243169D01*
X0220507Y0243037D01*
X0220567Y0242905D01*
X0220630Y0242776D01*
X0220696Y0242648D01*
X0220766Y0242522D01*
X0220839Y0242398D01*
X0220915Y0242276D01*
X0220995Y0242156D01*
X0221078Y0242038D01*
X0221164Y0241922D01*
X0221253Y0241809D01*
X0221345Y0241698D01*
X0221440Y0241590D01*
X0221538Y0241484D01*
X0221638Y0241381D01*
X0221742Y0241281D01*
X0221848Y0241184D01*
X0221956Y0241089D01*
X0222067Y0240998D01*
X0222181Y0240909D01*
X0222297Y0240824D01*
X0222415Y0240741D01*
X0222535Y0240662D01*
X0222658Y0240586D01*
X0222782Y0240514D01*
X0222909Y0240445D01*
X0223037Y0240379D01*
X0223167Y0240316D01*
X0223298Y0240258D01*
X0223431Y0240202D01*
X0223431Y0240203D02*
X0242526Y0230951D01*
X0242656Y0230890D01*
X0242788Y0230833D01*
X0242921Y0230779D01*
X0243056Y0230729D01*
X0243192Y0230683D01*
X0243329Y0230640D01*
X0243467Y0230601D01*
X0243607Y0230565D01*
X0243747Y0230534D01*
X0243888Y0230506D01*
X0244030Y0230482D01*
X0244172Y0230462D01*
X0244315Y0230446D01*
X0244458Y0230434D01*
X0244602Y0230425D01*
X0244746Y0230421D01*
X0244889Y0230420D01*
X0245033Y0230423D01*
X0245177Y0230431D01*
X0245320Y0230442D01*
X0245463Y0230457D01*
X0245606Y0230475D01*
X0245748Y0230498D01*
X0245889Y0230524D01*
X0246030Y0230555D01*
X0246169Y0230589D01*
X0246308Y0230627D01*
X0246446Y0230668D01*
X0246582Y0230714D01*
X0246717Y0230763D01*
X0246851Y0230815D01*
X0246983Y0230871D01*
X0247114Y0230931D01*
X0247243Y0230994D01*
X0247371Y0231061D01*
X0247496Y0231131D01*
X0247620Y0231205D01*
X0247741Y0231282D01*
X0247860Y0231362D01*
X0247978Y0231445D01*
X0248092Y0231532D01*
X0248205Y0231621D01*
X0248315Y0231714D01*
X0248422Y0231810D01*
X0248527Y0231908D01*
X0248629Y0232009D01*
X0248729Y0232113D01*
X0248825Y0232220D01*
X0248919Y0232329D01*
X0249009Y0232440D01*
X0249097Y0232555D01*
X0249181Y0232671D01*
X0249263Y0232790D01*
X0249341Y0232910D01*
X0249415Y0233033D01*
X0249487Y0233158D01*
X0249554Y0233285D01*
X0249619Y0233413D01*
X0249680Y0233544D01*
X0249737Y0233675D01*
X0249791Y0233809D01*
X0249841Y0233943D01*
X0249888Y0234079D01*
X0249931Y0234217D01*
X0249970Y0234355D01*
X0250005Y0234494D01*
X0250006Y0234494D02*
X0259455Y0254573D01*
X0259518Y0254702D01*
X0259584Y0254830D01*
X0259655Y0254956D01*
X0259728Y0255081D01*
X0259805Y0255203D01*
X0259885Y0255323D01*
X0259968Y0255440D01*
X0260055Y0255556D01*
X0260144Y0255669D01*
X0260237Y0255780D01*
X0260332Y0255888D01*
X0260431Y0255993D01*
X0260532Y0256096D01*
X0260636Y0256196D01*
X0260743Y0256293D01*
X0260852Y0256387D01*
X0260964Y0256478D01*
X0261078Y0256567D01*
X0261194Y0256652D01*
X0261313Y0256733D01*
X0261434Y0256812D01*
X0261557Y0256887D01*
X0261682Y0256959D01*
X0261809Y0257028D01*
X0261938Y0257093D01*
X0262068Y0257155D01*
X0262200Y0257213D01*
X0262334Y0257267D01*
X0262469Y0257318D01*
X0262605Y0257365D01*
X0262743Y0257409D01*
X0262881Y0257448D01*
X0263021Y0257484D01*
X0263162Y0257516D01*
X0263303Y0257545D01*
X0263445Y0257569D01*
X0263588Y0257590D01*
X0263731Y0257607D01*
X0263875Y0257620D01*
X0264019Y0257629D01*
X0264163Y0257634D01*
X0264307Y0257635D01*
X0264451Y0257632D01*
X0264595Y0257626D01*
X0264739Y0257615D01*
X0264883Y0257601D01*
X0265026Y0257583D01*
X0265169Y0257560D01*
X0265310Y0257535D01*
X0265452Y0257505D01*
X0265592Y0257471D01*
X0265731Y0257434D01*
X0265869Y0257393D01*
X0266007Y0257348D01*
X0266142Y0257299D01*
X0266277Y0257247D01*
X0266410Y0257191D01*
X0266541Y0257132D01*
X0335636Y0226226D01*
X0335792Y0226154D01*
X0335946Y0226078D01*
X0336099Y0225998D01*
X0336249Y0225915D01*
X0336397Y0225828D01*
X0336543Y0225737D01*
X0336687Y0225643D01*
X0336828Y0225545D01*
X0336967Y0225444D01*
X0337104Y0225340D01*
X0337238Y0225232D01*
X0337369Y0225121D01*
X0337497Y0225007D01*
X0337623Y0224889D01*
X0337746Y0224769D01*
X0337865Y0224645D01*
X0337982Y0224519D01*
X0338095Y0224390D01*
X0338206Y0224258D01*
X0338313Y0224124D01*
X0338416Y0223987D01*
X0338517Y0223847D01*
X0338614Y0223705D01*
X0338707Y0223561D01*
X0338797Y0223414D01*
X0338883Y0223265D01*
X0338965Y0223115D01*
X0339044Y0222962D01*
X0339119Y0222807D01*
X0339190Y0222651D01*
X0339258Y0222493D01*
X0339321Y0222333D01*
X0339381Y0222172D01*
X0339436Y0222009D01*
X0339488Y0221845D01*
X0339535Y0221680D01*
X0339579Y0221513D01*
X0339618Y0221346D01*
X0339653Y0221178D01*
X0339684Y0221009D01*
X0339711Y0220839D01*
X0339734Y0220669D01*
X0339753Y0220498D01*
X0339767Y0220326D01*
X0339777Y0220155D01*
X0339783Y0219983D01*
X0339785Y0219811D01*
X0339783Y0219639D01*
X0339776Y0219468D01*
X0339765Y0219296D01*
X0339750Y0219125D01*
X0339731Y0218954D01*
X0339707Y0218784D01*
X0339680Y0218614D01*
X0339648Y0218445D01*
X0339612Y0218277D01*
X0339572Y0218110D01*
X0339528Y0217944D01*
X0339480Y0217779D01*
X0339428Y0217615D01*
X0339371Y0217453D01*
X0339311Y0217291D01*
X0339247Y0217132D01*
X0339179Y0216974D01*
X0328156Y0194533D01*
X0328107Y0194430D01*
X0328062Y0194325D01*
X0328021Y0194219D01*
X0327984Y0194111D01*
X0327950Y0194003D01*
X0327920Y0193893D01*
X0327894Y0193782D01*
X0327871Y0193670D01*
X0327853Y0193558D01*
X0327838Y0193445D01*
X0327828Y0193331D01*
X0327821Y0193218D01*
X0327818Y0193104D01*
X0327819Y0192990D01*
X0327824Y0192876D01*
X0327833Y0192763D01*
X0327846Y0192650D01*
X0327863Y0192537D01*
X0327884Y0192425D01*
X0327908Y0192314D01*
X0327937Y0192203D01*
X0327969Y0192094D01*
X0328005Y0191986D01*
X0328045Y0191879D01*
X0328088Y0191774D01*
X0328135Y0191670D01*
X0328185Y0191568D01*
X0328239Y0191468D01*
X0328297Y0191370D01*
X0328358Y0191273D01*
X0328422Y0191179D01*
X0328489Y0191087D01*
X0328559Y0190998D01*
X0328633Y0190911D01*
X0328709Y0190826D01*
X0328789Y0190745D01*
X0328871Y0190666D01*
X0328956Y0190590D01*
X0329043Y0190516D01*
X0329133Y0190446D01*
X0329225Y0190380D01*
X0329319Y0190316D01*
X0329416Y0190256D01*
X0329515Y0190199D01*
X0329615Y0190145D01*
X0329717Y0190095D01*
X0329821Y0190049D01*
X0329927Y0190006D01*
X0324612Y0148864D02*
X0291541Y0163628D01*
X0253352Y0181344D01*
X0198037Y0207722D01*
X0198037Y0207723D02*
X0197297Y0208087D01*
X0196567Y0208469D01*
X0195845Y0208869D01*
X0195134Y0209287D01*
X0194433Y0209722D01*
X0193743Y0210173D01*
X0193065Y0210642D01*
X0192398Y0211127D01*
X0191743Y0211629D01*
X0191101Y0212146D01*
X0190472Y0212679D01*
X0189855Y0213227D01*
X0189253Y0213790D01*
X0188665Y0214368D01*
X0188090Y0214960D01*
X0187531Y0215566D01*
X0186987Y0216186D01*
X0186458Y0216818D01*
X0185944Y0217464D01*
X0185447Y0218122D01*
X0184966Y0218791D01*
X0184501Y0219473D01*
X0184054Y0220166D01*
X0183623Y0220869D01*
X0183210Y0221583D01*
X0182814Y0222306D01*
X0182437Y0223040D01*
X0182077Y0223782D01*
X0181736Y0224533D01*
X0181413Y0225292D01*
X0181110Y0226058D01*
X0180824Y0226832D01*
X0180559Y0227613D01*
X0180312Y0228400D01*
X0180084Y0229192D01*
X0179877Y0229990D01*
X0179688Y0230793D01*
X0179520Y0231601D01*
X0179371Y0232412D01*
X0179243Y0233227D01*
X0179134Y0234044D01*
X0179045Y0234864D01*
X0178977Y0235686D01*
X0178929Y0236509D01*
X0178901Y0237333D01*
X0178893Y0238158D01*
X0178906Y0238983D01*
X0178938Y0239807D01*
X0178991Y0240630D01*
X0179064Y0241451D01*
X0179158Y0242271D01*
X0179271Y0243087D01*
X0179404Y0243901D01*
X0179557Y0244712D01*
X0179730Y0245518D01*
X0324612Y0148864D02*
X0337604Y0145715D01*
X0356305Y0142368D01*
X0387211Y0139219D01*
X0405715Y0140203D01*
X0413785Y0141581D01*
X0400596Y0179770D02*
X0410045Y0182722D01*
X0418116Y0189809D01*
X0421463Y0195124D01*
X0430124Y0233510D01*
X0429927Y0232722D02*
X0459652Y0367368D01*
X0465360Y0397486D01*
X0480124Y0478195D01*
X0487407Y0533904D01*
X0491541Y0566384D01*
X0500203Y0637447D01*
X0504337Y0702998D01*
X0506305Y0735675D01*
X0507289Y0771108D01*
X0484652Y0829770D01*
X0483470Y0829770D01*
X0476187Y0804770D01*
X0450400Y0721108D01*
X0448826Y0716187D02*
X0448774Y0716038D01*
X0448719Y0715890D01*
X0448660Y0715744D01*
X0448598Y0715599D01*
X0448532Y0715456D01*
X0448462Y0715314D01*
X0448389Y0715174D01*
X0448313Y0715036D01*
X0448233Y0714900D01*
X0448150Y0714766D01*
X0448064Y0714634D01*
X0447974Y0714504D01*
X0447881Y0714377D01*
X0447786Y0714251D01*
X0447687Y0714129D01*
X0447585Y0714008D01*
X0447480Y0713890D01*
X0447372Y0713775D01*
X0447262Y0713663D01*
X0447148Y0713553D01*
X0447032Y0713446D01*
X0446914Y0713342D01*
X0446793Y0713241D01*
X0446669Y0713143D01*
X0446543Y0713048D01*
X0446415Y0712956D01*
X0446285Y0712868D01*
X0446152Y0712782D01*
X0446017Y0712700D01*
X0445881Y0712621D01*
X0445742Y0712546D01*
X0445602Y0712474D01*
X0445460Y0712406D01*
X0445316Y0712341D01*
X0445171Y0712279D01*
X0445024Y0712222D01*
X0444876Y0712168D01*
X0444726Y0712117D01*
X0444576Y0712070D01*
X0444424Y0712027D01*
X0444271Y0711988D01*
X0444118Y0711953D01*
X0443963Y0711921D01*
X0443808Y0711893D01*
X0443652Y0711869D01*
X0443495Y0711849D01*
X0443339Y0711833D01*
X0443181Y0711820D01*
X0443024Y0711812D01*
X0442866Y0711807D01*
X0442709Y0711806D01*
X0442551Y0711809D01*
X0442393Y0711816D01*
X0442236Y0711827D01*
X0442079Y0711842D01*
X0441922Y0711861D01*
X0441766Y0711883D01*
X0441611Y0711909D01*
X0441456Y0711940D01*
X0441302Y0711974D01*
X0441149Y0712011D01*
X0440997Y0712053D01*
X0440846Y0712098D01*
X0440696Y0712147D01*
X0440547Y0712200D01*
X0440400Y0712256D01*
X0440254Y0712316D01*
X0440109Y0712379D01*
X0439967Y0712446D01*
X0439967Y0712447D02*
X0415557Y0720911D01*
X0415416Y0720962D01*
X0415277Y0721017D01*
X0415139Y0721075D01*
X0415002Y0721137D01*
X0414867Y0721203D01*
X0414734Y0721271D01*
X0414603Y0721344D01*
X0414474Y0721420D01*
X0414346Y0721499D01*
X0414221Y0721581D01*
X0414098Y0721667D01*
X0413977Y0721756D01*
X0413859Y0721848D01*
X0413743Y0721943D01*
X0413630Y0722041D01*
X0413519Y0722142D01*
X0413411Y0722245D01*
X0413305Y0722352D01*
X0413203Y0722461D01*
X0413103Y0722573D01*
X0413007Y0722688D01*
X0412913Y0722805D01*
X0412822Y0722924D01*
X0412735Y0723046D01*
X0412651Y0723170D01*
X0412570Y0723296D01*
X0412492Y0723424D01*
X0412418Y0723555D01*
X0412347Y0723687D01*
X0412280Y0723821D01*
X0412216Y0723956D01*
X0412156Y0724093D01*
X0412099Y0724232D01*
X0412046Y0724372D01*
X0411997Y0724514D01*
X0411951Y0724657D01*
X0411909Y0724801D01*
X0411871Y0724946D01*
X0411837Y0725092D01*
X0411807Y0725238D01*
X0411780Y0725386D01*
X0411757Y0725534D01*
X0411739Y0725683D01*
X0411724Y0725832D01*
X0411713Y0725981D01*
X0411705Y0726131D01*
X0411702Y0726281D01*
X0411703Y0726431D01*
X0411708Y0726581D01*
X0411716Y0726730D01*
X0411728Y0726880D01*
X0411745Y0727029D01*
X0411765Y0727177D01*
X0411789Y0727325D01*
X0411817Y0727472D01*
X0411849Y0727619D01*
X0411885Y0727764D01*
X0411924Y0727909D01*
X0411967Y0728053D01*
X0412014Y0728195D01*
X0446659Y0844730D01*
X0446659Y0844731D02*
X0446942Y0845641D01*
X0447247Y0846545D01*
X0447574Y0847441D01*
X0447922Y0848328D01*
X0448292Y0849207D01*
X0448684Y0850077D01*
X0449096Y0850937D01*
X0449529Y0851786D01*
X0449983Y0852625D01*
X0450456Y0853452D01*
X0450950Y0854268D01*
X0451464Y0855072D01*
X0451997Y0855862D01*
X0452549Y0856640D01*
X0453120Y0857404D01*
X0453709Y0858153D01*
X0454316Y0858889D01*
X0454941Y0859609D01*
X0455583Y0860314D01*
X0456243Y0861003D01*
X0456918Y0861675D01*
X0457610Y0862332D01*
X0458318Y0862971D01*
X0459041Y0863592D01*
X0459779Y0864196D01*
X0460532Y0864782D01*
X0461298Y0865349D01*
X0462078Y0865898D01*
X0462871Y0866427D01*
X0463677Y0866937D01*
X0464495Y0867427D01*
X0465325Y0867897D01*
X0466166Y0868347D01*
X0467017Y0868776D01*
X0467879Y0869185D01*
X0468750Y0869572D01*
X0469631Y0869938D01*
X0470520Y0870282D01*
X0471417Y0870605D01*
X0472322Y0870906D01*
X0473234Y0871184D01*
X0474153Y0871441D01*
X0475077Y0871675D01*
X0476007Y0871886D01*
X0476942Y0872075D01*
X0477881Y0872241D01*
X0478824Y0872384D01*
X0479770Y0872504D01*
X0480718Y0872601D01*
X0481669Y0872675D01*
X0482621Y0872726D01*
X0483574Y0872753D01*
X0484528Y0872758D01*
X0485481Y0872739D01*
X0486434Y0872697D01*
X0487385Y0872632D01*
X0488335Y0872544D01*
X0489282Y0872432D01*
X0490226Y0872298D01*
X0491166Y0872141D01*
X0492103Y0871961D01*
X0493035Y0871758D01*
X0493961Y0871533D01*
X0494882Y0871285D01*
X0495796Y0871015D01*
X0496704Y0870722D01*
X0497604Y0870408D01*
X0498497Y0870072D01*
X0499381Y0869714D01*
X0500256Y0869335D01*
X0501121Y0868934D01*
X0501977Y0868513D01*
X0502822Y0868071D01*
X0503656Y0867609D01*
X0504478Y0867126D01*
X0505289Y0866624D01*
X0506087Y0866102D01*
X0506872Y0865561D01*
X0507643Y0865001D01*
X0508401Y0864422D01*
X0509145Y0863825D01*
X0509874Y0863210D01*
X0510587Y0862577D01*
X0511285Y0861928D01*
X0511967Y0861261D01*
X0512633Y0860579D01*
X0513282Y0859880D01*
X0513913Y0859165D01*
X0514528Y0858436D01*
X0515124Y0857692D01*
X0515701Y0856933D01*
X0516261Y0856161D01*
X0516801Y0855375D01*
X0517322Y0854576D01*
X0517823Y0853765D01*
X0518305Y0852942D01*
X0518766Y0852107D01*
X0519207Y0851262D01*
X0519628Y0850406D01*
X0520027Y0849540D01*
X0520405Y0848665D01*
X0520762Y0847780D01*
X0521097Y0846888D01*
X0521410Y0845987D01*
X0521701Y0845079D01*
X0521970Y0844164D01*
X0522217Y0843243D01*
X0522442Y0842316D01*
X0522643Y0841384D01*
X0522644Y0841384D02*
X0545872Y0782132D01*
X0547250Y0773077D02*
X0546069Y0733313D01*
X0544494Y0701620D01*
X0539967Y0629179D01*
X0530715Y0561069D01*
X0526581Y0527801D01*
X0518510Y0466187D01*
X0504533Y0391187D01*
X0498037Y0358313D01*
X0468707Y0223077D01*
X0462014Y0192171D01*
X0454927Y0172683D02*
X0454314Y0171551D01*
X0453672Y0170434D01*
X0453004Y0169332D01*
X0452309Y0168248D01*
X0451587Y0167181D01*
X0450840Y0166132D01*
X0450067Y0165102D01*
X0449268Y0164091D01*
X0448446Y0163100D01*
X0447599Y0162129D01*
X0446729Y0161179D01*
X0445835Y0160251D01*
X0444920Y0159345D01*
X0443982Y0158462D01*
X0443023Y0157603D01*
X0442043Y0156766D01*
X0441043Y0155955D01*
X0440023Y0155168D01*
X0438984Y0154406D01*
X0437927Y0153670D01*
X0436852Y0152960D01*
X0435760Y0152277D01*
X0434652Y0151620D01*
X0454928Y0172683D02*
X0455717Y0174226D01*
X0456472Y0175786D01*
X0457191Y0177363D01*
X0457874Y0178956D01*
X0458521Y0180564D01*
X0459132Y0182187D01*
X0459706Y0183822D01*
X0460243Y0185470D01*
X0460742Y0187130D01*
X0461204Y0188801D01*
X0461628Y0190481D01*
X0462014Y0192171D01*
X0379730Y0179967D02*
X0376087Y0180119D01*
X0372449Y0180359D01*
X0368818Y0180687D01*
X0365195Y0181103D01*
X0361584Y0181606D01*
X0357986Y0182197D01*
X0354403Y0182874D01*
X0350838Y0183638D01*
X0347292Y0184487D01*
X0343767Y0185422D01*
X0340267Y0186443D01*
X0336792Y0187547D01*
X0333345Y0188735D01*
X0329927Y0190006D01*
X0413785Y0141581D02*
X0416854Y0142824D01*
X0419895Y0144132D01*
X0422908Y0145505D01*
X0425892Y0146940D01*
X0428845Y0148438D01*
X0431765Y0149998D01*
X0434651Y0151620D01*
X0400596Y0179769D02*
X0390162Y0179762D01*
X0379730Y0179966D01*
X0547251Y0773076D02*
X0547280Y0773561D01*
X0547298Y0774047D01*
X0547304Y0774533D01*
X0547299Y0775019D01*
X0547282Y0775505D01*
X0547255Y0775990D01*
X0547215Y0776475D01*
X0547165Y0776958D01*
X0547103Y0777440D01*
X0547030Y0777921D01*
X0546946Y0778400D01*
X0546850Y0778876D01*
X0546743Y0779350D01*
X0546626Y0779822D01*
X0546497Y0780291D01*
X0546357Y0780756D01*
X0546206Y0781218D01*
X0546045Y0781677D01*
X0545873Y0782132D01*
X0450399Y0721108D02*
X0448825Y0716187D01*
M02*
