G75*
%MOIN*%
%OFA0B0*%
%FSLAX25Y25*%
%IPPOS*%
%LPD*%
%AMOC8*
5,1,8,0,0,1.08239X$1,22.5*
%
%ADD10C,0.03937*%
D10*
X2699850Y0934594D02*
X2698079Y1080579D01*
X2698085Y1080766D01*
X2698095Y1080953D01*
X2698111Y1081139D01*
X2698130Y1081325D01*
X2698154Y1081510D01*
X2698183Y1081695D01*
X2698216Y1081879D01*
X2698254Y1082062D01*
X2698296Y1082244D01*
X2698342Y1082425D01*
X2698393Y1082605D01*
X2698448Y1082784D01*
X2698507Y1082961D01*
X2698571Y1083137D01*
X2698639Y1083311D01*
X2698711Y1083483D01*
X2698787Y1083654D01*
X2698868Y1083823D01*
X2698952Y1083990D01*
X2699041Y1084154D01*
X2699133Y1084317D01*
X2699229Y1084477D01*
X2699330Y1084635D01*
X2699434Y1084790D01*
X2699541Y1084943D01*
X2699653Y1085093D01*
X2699768Y1085241D01*
X2699886Y1085385D01*
X2700008Y1085527D01*
X2700133Y1085665D01*
X2700262Y1085801D01*
X2700394Y1085933D01*
X2700529Y1086063D01*
X2700667Y1086188D01*
X2700809Y1086311D01*
X2700953Y1086430D01*
X2701100Y1086546D01*
X2701249Y1086657D01*
X2701402Y1086766D01*
X2701557Y1086870D01*
X2701714Y1086971D01*
X2701874Y1087068D01*
X2702036Y1087161D01*
X2702201Y1087250D01*
X2702367Y1087335D01*
X2702536Y1087416D01*
X2702706Y1087493D01*
X2702878Y1087566D01*
X2703052Y1087634D01*
X2703228Y1087698D01*
X2703405Y1087759D01*
X2703583Y1087814D01*
X2703763Y1087866D01*
X2703944Y1087913D01*
X2704126Y1087955D01*
X2704309Y1087994D01*
X2704493Y1088027D01*
X2704677Y1088057D01*
X2704863Y1088081D01*
X2705048Y1088102D01*
X2705235Y1088118D01*
X2705421Y1088129D01*
X2705608Y1088136D01*
X2705795Y1088138D01*
X2730598Y1088138D01*
X2730599Y1088138D02*
X2730795Y1088129D01*
X2730991Y1088116D01*
X2731187Y1088097D01*
X2731382Y1088074D01*
X2731577Y1088046D01*
X2731771Y1088013D01*
X2731964Y1087976D01*
X2732156Y1087934D01*
X2732347Y1087887D01*
X2732537Y1087835D01*
X2732726Y1087779D01*
X2732913Y1087719D01*
X2733098Y1087654D01*
X2733282Y1087584D01*
X2733465Y1087510D01*
X2733645Y1087432D01*
X2733824Y1087349D01*
X2734000Y1087262D01*
X2734174Y1087171D01*
X2734346Y1087076D01*
X2734516Y1086976D01*
X2734683Y1086872D01*
X2734848Y1086765D01*
X2735009Y1086653D01*
X2735169Y1086538D01*
X2735325Y1086418D01*
X2735478Y1086295D01*
X2735629Y1086168D01*
X2735776Y1086038D01*
X2735920Y1085904D01*
X2736061Y1085766D01*
X2736198Y1085626D01*
X2736332Y1085481D01*
X2736462Y1085334D01*
X2736589Y1085184D01*
X2736712Y1085030D01*
X2736831Y1084874D01*
X2736947Y1084715D01*
X2737058Y1084553D01*
X2737166Y1084388D01*
X2737269Y1084221D01*
X2737369Y1084051D01*
X2737464Y1083879D01*
X2737555Y1083705D01*
X2737642Y1083529D01*
X2737725Y1083350D01*
X2737803Y1083170D01*
X2737877Y1082987D01*
X2737946Y1082803D01*
X2738011Y1082618D01*
X2738072Y1082430D01*
X2738128Y1082242D01*
X2738179Y1082052D01*
X2738226Y1081861D01*
X2738268Y1081669D01*
X2738305Y1081476D01*
X2738337Y1081282D01*
X2738365Y1081087D01*
X2738389Y1080892D01*
X2738407Y1080696D01*
X2738421Y1080500D01*
X2738430Y1080303D01*
X2738434Y1080106D01*
X2738433Y1080106D02*
X2739417Y0969949D01*
X2739418Y0969949D02*
X2739425Y0969762D01*
X2739437Y0969575D01*
X2739454Y0969389D01*
X2739475Y0969203D01*
X2739500Y0969018D01*
X2739530Y0968833D01*
X2739564Y0968649D01*
X2739603Y0968466D01*
X2739646Y0968284D01*
X2739694Y0968103D01*
X2739746Y0967924D01*
X2739802Y0967745D01*
X2739863Y0967568D01*
X2739927Y0967393D01*
X2739996Y0967219D01*
X2740070Y0967047D01*
X2740147Y0966877D01*
X2740228Y0966708D01*
X2740314Y0966542D01*
X2740403Y0966378D01*
X2740497Y0966216D01*
X2740594Y0966056D01*
X2740695Y0965898D01*
X2740800Y0965744D01*
X2740909Y0965591D01*
X2741021Y0965442D01*
X2741137Y0965295D01*
X2741257Y0965151D01*
X2741380Y0965010D01*
X2741506Y0964872D01*
X2741635Y0964737D01*
X2741768Y0964605D01*
X2741904Y0964477D01*
X2742043Y0964352D01*
X2742185Y0964230D01*
X2742330Y0964111D01*
X2742478Y0963997D01*
X2742628Y0963886D01*
X2742781Y0963778D01*
X2742937Y0963674D01*
X2743095Y0963574D01*
X2743255Y0963478D01*
X2743418Y0963386D01*
X2743583Y0963298D01*
X2743750Y0963213D01*
X2743919Y0963133D01*
X2744090Y0963057D01*
X2744262Y0962985D01*
X2744437Y0962917D01*
X2744613Y0962854D01*
X2744790Y0962795D01*
X2744969Y0962740D01*
X2745149Y0962689D01*
X2745330Y0962643D01*
X2745513Y0962601D01*
X2745696Y0962564D01*
X2745880Y0962531D01*
X2746065Y0962503D01*
X2746250Y0962479D01*
X2746436Y0962459D01*
X2746623Y0962444D01*
X2746810Y0962433D01*
X2746996Y0962428D01*
X2747184Y0962426D01*
X2747371Y0962429D01*
X2747370Y0962429D02*
X3144654Y0958689D01*
X3144654Y0958688D02*
X3144796Y0958701D01*
X3144938Y0958718D01*
X3145079Y0958739D01*
X3145220Y0958763D01*
X3145360Y0958792D01*
X3145500Y0958824D01*
X3145638Y0958860D01*
X3145775Y0958899D01*
X3145911Y0958943D01*
X3146046Y0958990D01*
X3146180Y0959041D01*
X3146312Y0959095D01*
X3146443Y0959153D01*
X3146572Y0959214D01*
X3146699Y0959279D01*
X3146824Y0959348D01*
X3146948Y0959420D01*
X3147070Y0959495D01*
X3147189Y0959573D01*
X3147306Y0959655D01*
X3147421Y0959740D01*
X3147534Y0959828D01*
X3147644Y0959919D01*
X3147752Y0960013D01*
X3147857Y0960110D01*
X3147959Y0960210D01*
X3148059Y0960312D01*
X3148156Y0960417D01*
X3148250Y0960525D01*
X3148340Y0960635D01*
X3148428Y0960748D01*
X3148513Y0960863D01*
X3148595Y0960981D01*
X3148673Y0961100D01*
X3148748Y0961222D01*
X3148820Y0961345D01*
X3148888Y0961471D01*
X3148953Y0961598D01*
X3149014Y0961727D01*
X3149072Y0961858D01*
X3149126Y0961990D01*
X3149177Y0962124D01*
X3149224Y0962259D01*
X3149267Y0962395D01*
X3149307Y0962532D01*
X3149343Y0962671D01*
X3149375Y0962810D01*
X3149403Y0962950D01*
X3149427Y0963091D01*
X3149448Y0963233D01*
X3149464Y0963375D01*
X3149477Y0963517D01*
X3149486Y0963660D01*
X3149491Y0963802D01*
X3149492Y0963945D01*
X3149489Y0964088D01*
X3149482Y0964231D01*
X3149472Y0964374D01*
X3149457Y0964516D01*
X3153984Y1537075D01*
X3157488Y1560461D01*
X3157489Y1560461D02*
X3157482Y1560600D01*
X3157472Y1560740D01*
X3157458Y1560879D01*
X3157440Y1561017D01*
X3157418Y1561155D01*
X3157393Y1561292D01*
X3157364Y1561429D01*
X3157331Y1561565D01*
X3157294Y1561699D01*
X3157254Y1561833D01*
X3157209Y1561966D01*
X3157162Y1562097D01*
X3157110Y1562227D01*
X3157055Y1562355D01*
X3156997Y1562482D01*
X3156935Y1562607D01*
X3156870Y1562730D01*
X3156801Y1562852D01*
X3156729Y1562971D01*
X3156653Y1563089D01*
X3156575Y1563204D01*
X3156493Y1563318D01*
X3156408Y1563429D01*
X3156320Y1563537D01*
X3156229Y1563643D01*
X3156136Y1563747D01*
X3156039Y1563848D01*
X3155940Y1563946D01*
X3155838Y1564041D01*
X3155733Y1564134D01*
X3155626Y1564223D01*
X3155517Y1564310D01*
X3155405Y1564393D01*
X3155290Y1564474D01*
X3155174Y1564551D01*
X3155056Y1564625D01*
X3154935Y1564696D01*
X3154813Y1564763D01*
X3154689Y1564827D01*
X3154563Y1564888D01*
X3154435Y1564945D01*
X3154306Y1564998D01*
X3154176Y1565048D01*
X3154044Y1565094D01*
X3153911Y1565137D01*
X3153777Y1565176D01*
X3153642Y1565211D01*
X3153506Y1565242D01*
X3153369Y1565270D01*
X3153231Y1565294D01*
X3153093Y1565314D01*
X3152955Y1565330D01*
X3152816Y1565343D01*
X3152676Y1565351D01*
X3152537Y1565356D01*
X3152397Y1565357D01*
X3152257Y1565354D01*
X3152118Y1565347D01*
X3151979Y1565336D01*
X3151840Y1565322D01*
X3151701Y1565303D01*
X3112843Y1559594D01*
X3055087Y1544083D01*
X3042921Y1540028D01*
X3004969Y1526524D01*
X2976622Y1510776D01*
X2948276Y1491878D01*
X2898669Y1446406D01*
X2844732Y1377902D01*
X2827016Y1352311D01*
X2797882Y1305461D01*
X2791189Y1288335D01*
X2783118Y1257823D01*
X2760165Y1144634D01*
X2759418Y1141366D02*
X2759371Y1141213D01*
X2759321Y1141060D01*
X2759267Y1140910D01*
X2759209Y1140760D01*
X2759147Y1140612D01*
X2759082Y1140466D01*
X2759013Y1140321D01*
X2758941Y1140178D01*
X2758865Y1140036D01*
X2758786Y1139897D01*
X2758703Y1139760D01*
X2758617Y1139625D01*
X2758528Y1139491D01*
X2758435Y1139361D01*
X2758340Y1139232D01*
X2758241Y1139106D01*
X2758139Y1138982D01*
X2758034Y1138861D01*
X2757926Y1138743D01*
X2757815Y1138627D01*
X2757701Y1138514D01*
X2757585Y1138404D01*
X2757466Y1138296D01*
X2757344Y1138192D01*
X2757220Y1138091D01*
X2757093Y1137993D01*
X2756964Y1137898D01*
X2756832Y1137806D01*
X2756699Y1137717D01*
X2756563Y1137632D01*
X2756425Y1137550D01*
X2756285Y1137472D01*
X2756144Y1137397D01*
X2756000Y1137326D01*
X2755855Y1137258D01*
X2755708Y1137194D01*
X2755560Y1137133D01*
X2755410Y1137076D01*
X2755259Y1137023D01*
X2755106Y1136973D01*
X2754953Y1136928D01*
X2754798Y1136886D01*
X2754642Y1136848D01*
X2754486Y1136813D01*
X2754328Y1136783D01*
X2754170Y1136756D01*
X2754011Y1136734D01*
X2753852Y1136715D01*
X2753693Y1136701D01*
X2753533Y1136690D01*
X2753373Y1136683D01*
X2753212Y1136680D01*
X2753052Y1136681D01*
X2752892Y1136686D01*
X2752732Y1136695D01*
X2752572Y1136708D01*
X2752413Y1136725D01*
X2752254Y1136746D01*
X2752095Y1136770D01*
X2751938Y1136799D01*
X2759417Y1141366D02*
X2759597Y1142012D01*
X2759762Y1142662D01*
X2759911Y1143316D01*
X2760046Y1143973D01*
X2760165Y1144633D01*
X2727095Y1142233D02*
X2726893Y1142285D01*
X2726692Y1142341D01*
X2726493Y1142403D01*
X2726295Y1142469D01*
X2726099Y1142540D01*
X2725905Y1142616D01*
X2725712Y1142697D01*
X2725522Y1142782D01*
X2725334Y1142872D01*
X2725148Y1142967D01*
X2724964Y1143066D01*
X2724783Y1143169D01*
X2724604Y1143277D01*
X2724428Y1143389D01*
X2724255Y1143505D01*
X2724085Y1143626D01*
X2723918Y1143750D01*
X2723753Y1143879D01*
X2723592Y1144011D01*
X2723435Y1144148D01*
X2723280Y1144288D01*
X2723129Y1144432D01*
X2722982Y1144580D01*
X2722838Y1144731D01*
X2722698Y1144885D01*
X2722562Y1145043D01*
X2722429Y1145204D01*
X2722301Y1145369D01*
X2722177Y1145536D01*
X2722056Y1145707D01*
X2721940Y1145880D01*
X2721828Y1146056D01*
X2721721Y1146235D01*
X2721618Y1146416D01*
X2721519Y1146600D01*
X2721425Y1146786D01*
X2721335Y1146974D01*
X2721250Y1147165D01*
X2721170Y1147357D01*
X2721094Y1147552D01*
X2721023Y1147748D01*
X2720957Y1147945D01*
X2720895Y1148145D01*
X2720839Y1148346D01*
X2720787Y1148548D01*
X2720741Y1148751D01*
X2720699Y1148955D01*
X2720662Y1149161D01*
X2720630Y1149367D01*
X2720604Y1149574D01*
X2720582Y1149781D01*
X2720566Y1149989D01*
X2720554Y1150198D01*
X2720548Y1150406D01*
X2720546Y1150615D01*
X2720550Y1150823D01*
X2720559Y1151032D01*
X2720572Y1151240D01*
X2720591Y1151447D01*
X2720615Y1151655D01*
X2720644Y1151861D01*
X2720678Y1152067D01*
X2720717Y1152272D01*
X2744142Y1267862D01*
X2752567Y1299004D01*
X2760677Y1322035D01*
X2794260Y1374516D01*
X2812449Y1401406D01*
X2868945Y1474358D01*
X2901819Y1502941D01*
X2924969Y1522941D01*
X2959024Y1548138D01*
X2979496Y1557705D01*
X2979625Y1557777D01*
X2979752Y1557853D01*
X2979877Y1557931D01*
X2980000Y1558013D01*
X2980121Y1558098D01*
X2980240Y1558186D01*
X2980356Y1558277D01*
X2980470Y1558371D01*
X2980581Y1558468D01*
X2980690Y1558568D01*
X2980796Y1558671D01*
X2980900Y1558776D01*
X2981000Y1558884D01*
X2981098Y1558995D01*
X2981193Y1559108D01*
X2981285Y1559224D01*
X2981374Y1559342D01*
X2981460Y1559462D01*
X2981542Y1559584D01*
X2981622Y1559709D01*
X2981698Y1559835D01*
X2981771Y1559964D01*
X2981840Y1560094D01*
X2981906Y1560226D01*
X2981969Y1560360D01*
X2982028Y1560495D01*
X2982084Y1560632D01*
X2982136Y1560771D01*
X2982184Y1560910D01*
X2982229Y1561051D01*
X2982270Y1561193D01*
X2982307Y1561336D01*
X2982341Y1561480D01*
X2982371Y1561624D01*
X2982397Y1561770D01*
X2982419Y1561916D01*
X2982437Y1562062D01*
X2982452Y1562209D01*
X2982463Y1562357D01*
X2982470Y1562504D01*
X2982473Y1562652D01*
X2982472Y1562800D01*
X2982468Y1562947D01*
X2982459Y1563095D01*
X2982447Y1563242D01*
X2982431Y1563389D01*
X2982411Y1563535D01*
X2982387Y1563681D01*
X2982360Y1563826D01*
X2982329Y1563970D01*
X2982294Y1564114D01*
X2982255Y1564256D01*
X2982212Y1564398D01*
X2982213Y1564398D02*
X2973709Y1591484D01*
X2973709Y1591485D02*
X2973671Y1591625D01*
X2973637Y1591766D01*
X2973607Y1591908D01*
X2973580Y1592051D01*
X2973558Y1592194D01*
X2973539Y1592338D01*
X2973524Y1592483D01*
X2973513Y1592627D01*
X2973506Y1592773D01*
X2973503Y1592918D01*
X2973504Y1593063D01*
X2973509Y1593208D01*
X2973517Y1593353D01*
X2973530Y1593498D01*
X2973546Y1593642D01*
X2973566Y1593786D01*
X2973590Y1593929D01*
X2973618Y1594072D01*
X2973650Y1594213D01*
X2973686Y1594354D01*
X2973725Y1594494D01*
X2973768Y1594633D01*
X2973815Y1594770D01*
X2973865Y1594906D01*
X2973919Y1595041D01*
X2973977Y1595174D01*
X2974039Y1595306D01*
X2974103Y1595436D01*
X2974172Y1595564D01*
X2974243Y1595690D01*
X2974318Y1595815D01*
X2974397Y1595937D01*
X2974479Y1596057D01*
X2974563Y1596175D01*
X2974651Y1596290D01*
X2974743Y1596403D01*
X2974837Y1596514D01*
X2974934Y1596622D01*
X2975034Y1596727D01*
X2975136Y1596830D01*
X2975242Y1596930D01*
X2975350Y1597027D01*
X2975460Y1597121D01*
X2975574Y1597212D01*
X2975689Y1597300D01*
X2975807Y1597385D01*
X2975927Y1597466D01*
X2976049Y1597545D01*
X2976174Y1597620D01*
X2976300Y1597691D01*
X2976428Y1597760D01*
X2976558Y1597824D01*
X2976690Y1597886D01*
X2976823Y1597943D01*
X2976958Y1597997D01*
X2977094Y1598048D01*
X2977232Y1598095D01*
X2977370Y1598138D01*
X3052370Y1620303D01*
X3052520Y1620332D01*
X3052670Y1620357D01*
X3052822Y1620378D01*
X3052973Y1620395D01*
X3053126Y1620408D01*
X3053278Y1620417D01*
X3053431Y1620422D01*
X3053583Y1620424D01*
X3053736Y1620422D01*
X3053889Y1620415D01*
X3054041Y1620405D01*
X3054193Y1620391D01*
X3054345Y1620373D01*
X3054496Y1620352D01*
X3054647Y1620326D01*
X3054796Y1620297D01*
X3054945Y1620264D01*
X3055094Y1620227D01*
X3055241Y1620186D01*
X3055387Y1620141D01*
X3055532Y1620093D01*
X3055676Y1620041D01*
X3055818Y1619986D01*
X3055959Y1619927D01*
X3056098Y1619864D01*
X3056236Y1619798D01*
X3056372Y1619728D01*
X3056506Y1619655D01*
X3056638Y1619579D01*
X3056768Y1619499D01*
X3056896Y1619416D01*
X3057022Y1619330D01*
X3057146Y1619240D01*
X3057267Y1619148D01*
X3057387Y1619052D01*
X3057503Y1618953D01*
X3057617Y1618852D01*
X3057729Y1618747D01*
X3057837Y1618640D01*
X3057943Y1618530D01*
X3058046Y1618417D01*
X3058146Y1618302D01*
X3058244Y1618184D01*
X3058338Y1618064D01*
X3058429Y1617941D01*
X3058517Y1617816D01*
X3058602Y1617689D01*
X3058683Y1617560D01*
X3058761Y1617429D01*
X3058836Y1617296D01*
X3058908Y1617161D01*
X3058976Y1617024D01*
X3059040Y1616886D01*
X3059101Y1616746D01*
X3059158Y1616604D01*
X3059212Y1616461D01*
X3059262Y1616317D01*
X3059308Y1616171D01*
X3059351Y1616024D01*
X3059390Y1615877D01*
X3059425Y1615728D01*
X3059456Y1615579D01*
X3059457Y1615579D02*
X3064181Y1591524D01*
X3064233Y1591406D01*
X3064289Y1591290D01*
X3064349Y1591175D01*
X3064412Y1591062D01*
X3064478Y1590952D01*
X3064548Y1590843D01*
X3064621Y1590737D01*
X3064697Y1590633D01*
X3064776Y1590531D01*
X3064858Y1590431D01*
X3064944Y1590334D01*
X3065032Y1590240D01*
X3065123Y1590149D01*
X3065217Y1590060D01*
X3065313Y1589974D01*
X3065412Y1589891D01*
X3065513Y1589812D01*
X3065617Y1589735D01*
X3065723Y1589661D01*
X3065831Y1589591D01*
X3065942Y1589524D01*
X3066054Y1589461D01*
X3066168Y1589401D01*
X3066284Y1589344D01*
X3066402Y1589291D01*
X3066521Y1589242D01*
X3066642Y1589196D01*
X3066764Y1589154D01*
X3066887Y1589115D01*
X3067011Y1589080D01*
X3067136Y1589050D01*
X3067263Y1589022D01*
X3067390Y1588999D01*
X3067517Y1588980D01*
X3067645Y1588964D01*
X3067774Y1588953D01*
X3067903Y1588945D01*
X3068032Y1588941D01*
X3068161Y1588942D01*
X3068290Y1588946D01*
X3068418Y1588954D01*
X3068547Y1588966D01*
X3068675Y1588981D01*
X3068802Y1589001D01*
X3068929Y1589024D01*
X3069055Y1589052D01*
X3069181Y1589083D01*
X3117134Y1601799D01*
X3174299Y1607508D01*
X3222370Y1604476D01*
X3250520Y1598728D01*
X3284614Y1590657D01*
X3284732Y1590644D01*
X3284850Y1590635D01*
X3284968Y1590630D01*
X3285086Y1590628D01*
X3285205Y1590630D01*
X3285323Y1590636D01*
X3285441Y1590646D01*
X3285558Y1590660D01*
X3285675Y1590678D01*
X3285792Y1590699D01*
X3285907Y1590724D01*
X3286022Y1590753D01*
X3286136Y1590786D01*
X3286249Y1590822D01*
X3286360Y1590862D01*
X3286470Y1590906D01*
X3286579Y1590953D01*
X3286686Y1591003D01*
X3286791Y1591057D01*
X3286895Y1591114D01*
X3286996Y1591175D01*
X3287096Y1591239D01*
X3287193Y1591306D01*
X3287288Y1591376D01*
X3287381Y1591450D01*
X3287472Y1591526D01*
X3287560Y1591605D01*
X3287645Y1591687D01*
X3287728Y1591772D01*
X3287808Y1591859D01*
X3287885Y1591949D01*
X3287959Y1592042D01*
X3288030Y1592136D01*
X3288097Y1592233D01*
X3288162Y1592332D01*
X3288224Y1592433D01*
X3288282Y1592537D01*
X3288337Y1592641D01*
X3288388Y1592748D01*
X3288436Y1592856D01*
X3288480Y1592966D01*
X3288521Y1593077D01*
X3288558Y1593189D01*
X3288591Y1593303D01*
X3288621Y1593418D01*
X3288647Y1593533D01*
X3288669Y1593649D01*
X3288669Y1593650D02*
X3293000Y1618413D01*
X3293014Y1618550D01*
X3293031Y1618686D01*
X3293053Y1618821D01*
X3293079Y1618956D01*
X3293108Y1619090D01*
X3293141Y1619223D01*
X3293178Y1619355D01*
X3293219Y1619485D01*
X3293264Y1619615D01*
X3293312Y1619743D01*
X3293364Y1619870D01*
X3293420Y1619995D01*
X3293479Y1620119D01*
X3293541Y1620241D01*
X3293608Y1620361D01*
X3293677Y1620479D01*
X3293750Y1620595D01*
X3293827Y1620709D01*
X3293906Y1620821D01*
X3293989Y1620930D01*
X3294075Y1621037D01*
X3294164Y1621141D01*
X3294256Y1621243D01*
X3294350Y1621342D01*
X3294448Y1621438D01*
X3294548Y1621532D01*
X3294651Y1621622D01*
X3294757Y1621710D01*
X3294865Y1621794D01*
X3294975Y1621875D01*
X3295088Y1621953D01*
X3295203Y1622028D01*
X3295320Y1622100D01*
X3295439Y1622168D01*
X3295560Y1622232D01*
X3295682Y1622293D01*
X3295807Y1622351D01*
X3295933Y1622405D01*
X3296060Y1622455D01*
X3296189Y1622502D01*
X3296319Y1622544D01*
X3296451Y1622584D01*
X3296583Y1622619D01*
X3296717Y1622650D01*
X3296851Y1622678D01*
X3296986Y1622702D01*
X3297122Y1622721D01*
X3297258Y1622737D01*
X3297394Y1622749D01*
X3297531Y1622757D01*
X3297668Y1622761D01*
X3297805Y1622762D01*
X3297942Y1622758D01*
X3298079Y1622750D01*
X3298216Y1622738D01*
X3298352Y1622723D01*
X3298488Y1622703D01*
X3298623Y1622680D01*
X3298757Y1622652D01*
X3298891Y1622621D01*
X3299023Y1622586D01*
X3299024Y1622587D02*
X3376504Y1600933D01*
X3376629Y1600867D01*
X3376751Y1600797D01*
X3376872Y1600723D01*
X3376990Y1600646D01*
X3377106Y1600566D01*
X3377220Y1600482D01*
X3377331Y1600396D01*
X3377440Y1600306D01*
X3377547Y1600214D01*
X3377651Y1600118D01*
X3377752Y1600019D01*
X3377850Y1599918D01*
X3377945Y1599814D01*
X3378038Y1599707D01*
X3378127Y1599598D01*
X3378214Y1599487D01*
X3378297Y1599372D01*
X3378377Y1599256D01*
X3378453Y1599138D01*
X3378527Y1599017D01*
X3378596Y1598894D01*
X3378663Y1598770D01*
X3378726Y1598643D01*
X3378785Y1598515D01*
X3378841Y1598386D01*
X3378893Y1598255D01*
X3378941Y1598122D01*
X3378986Y1597988D01*
X3379027Y1597853D01*
X3379064Y1597717D01*
X3379097Y1597580D01*
X3379126Y1597441D01*
X3379152Y1597303D01*
X3379173Y1597163D01*
X3379191Y1597023D01*
X3379205Y1596883D01*
X3379214Y1596742D01*
X3379220Y1596601D01*
X3379222Y1596460D01*
X3379220Y1596319D01*
X3379214Y1596178D01*
X3379204Y1596037D01*
X3379190Y1595896D01*
X3379172Y1595756D01*
X3379150Y1595617D01*
X3379125Y1595478D01*
X3379095Y1595340D01*
X3379062Y1595203D01*
X3379024Y1595067D01*
X3370835Y1566720D01*
X3370834Y1566720D02*
X3370815Y1566577D01*
X3370800Y1566433D01*
X3370789Y1566288D01*
X3370781Y1566144D01*
X3370777Y1565999D01*
X3370778Y1565854D01*
X3370781Y1565710D01*
X3370789Y1565565D01*
X3370801Y1565421D01*
X3370816Y1565277D01*
X3370835Y1565133D01*
X3370858Y1564990D01*
X3370885Y1564848D01*
X3370916Y1564706D01*
X3370950Y1564566D01*
X3370988Y1564426D01*
X3371030Y1564287D01*
X3371075Y1564150D01*
X3371124Y1564014D01*
X3371177Y1563879D01*
X3371233Y1563745D01*
X3371292Y1563613D01*
X3371355Y1563483D01*
X3371422Y1563354D01*
X3371492Y1563227D01*
X3371565Y1563103D01*
X3371641Y1562980D01*
X3371721Y1562859D01*
X3371804Y1562740D01*
X3371890Y1562624D01*
X3371979Y1562509D01*
X3372071Y1562398D01*
X3372166Y1562288D01*
X3372264Y1562182D01*
X3372364Y1562077D01*
X3372468Y1561976D01*
X3372574Y1561877D01*
X3372682Y1561782D01*
X3372793Y1561689D01*
X3372907Y1561599D01*
X3373023Y1561512D01*
X3373141Y1561428D01*
X3373261Y1561347D01*
X3373383Y1561270D01*
X3373508Y1561196D01*
X3373634Y1561125D01*
X3373762Y1561057D01*
X3373892Y1560993D01*
X3374023Y1560933D01*
X3374024Y1560933D02*
X3394457Y1551839D01*
X3428945Y1527232D01*
X3485835Y1479634D01*
X3543827Y1407390D01*
X3561425Y1382350D01*
X3596740Y1329201D01*
X3605244Y1306445D01*
X3614220Y1275303D01*
X3639890Y1158689D01*
X3639932Y1158511D01*
X3639969Y1158332D01*
X3640002Y1158153D01*
X3640030Y1157973D01*
X3640054Y1157792D01*
X3640074Y1157610D01*
X3640089Y1157428D01*
X3640100Y1157246D01*
X3640106Y1157064D01*
X3640108Y1156881D01*
X3640105Y1156699D01*
X3640098Y1156516D01*
X3640087Y1156334D01*
X3640071Y1156152D01*
X3640051Y1155971D01*
X3640026Y1155790D01*
X3639997Y1155610D01*
X3639964Y1155430D01*
X3639926Y1155252D01*
X3639884Y1155074D01*
X3639837Y1154898D01*
X3639787Y1154722D01*
X3639732Y1154548D01*
X3639672Y1154376D01*
X3639609Y1154205D01*
X3639541Y1154035D01*
X3639470Y1153867D01*
X3639394Y1153701D01*
X3639314Y1153537D01*
X3639231Y1153375D01*
X3639143Y1153215D01*
X3639051Y1153057D01*
X3638956Y1152901D01*
X3638857Y1152748D01*
X3638754Y1152597D01*
X3638648Y1152449D01*
X3638538Y1152303D01*
X3638424Y1152160D01*
X3638307Y1152020D01*
X3638187Y1151883D01*
X3638063Y1151748D01*
X3637936Y1151617D01*
X3637806Y1151489D01*
X3637673Y1151364D01*
X3637537Y1151243D01*
X3637398Y1151124D01*
X3637256Y1151010D01*
X3637112Y1150898D01*
X3636964Y1150790D01*
X3636814Y1150686D01*
X3636662Y1150586D01*
X3636507Y1150489D01*
X3636350Y1150396D01*
X3636191Y1150307D01*
X3636029Y1150222D01*
X3635866Y1150140D01*
X3635701Y1150063D01*
X3635533Y1149990D01*
X3635364Y1149921D01*
X3635194Y1149856D01*
X3635022Y1149795D01*
X3634848Y1149739D01*
X3634673Y1149686D01*
X3634497Y1149638D01*
X3634320Y1149594D01*
X3634142Y1149555D01*
X3609417Y1144398D01*
X3609417Y1144397D02*
X3609236Y1144368D01*
X3609054Y1144343D01*
X3608872Y1144322D01*
X3608689Y1144306D01*
X3608506Y1144294D01*
X3608323Y1144287D01*
X3608139Y1144284D01*
X3607956Y1144286D01*
X3607772Y1144292D01*
X3607589Y1144302D01*
X3607406Y1144317D01*
X3607223Y1144336D01*
X3607041Y1144360D01*
X3606860Y1144388D01*
X3606680Y1144421D01*
X3606500Y1144458D01*
X3606321Y1144499D01*
X3606143Y1144544D01*
X3605967Y1144594D01*
X3605791Y1144648D01*
X3605617Y1144707D01*
X3605445Y1144769D01*
X3605274Y1144836D01*
X3605104Y1144907D01*
X3604937Y1144982D01*
X3604771Y1145061D01*
X3604607Y1145144D01*
X3604446Y1145230D01*
X3604286Y1145321D01*
X3604129Y1145416D01*
X3603974Y1145514D01*
X3603822Y1145616D01*
X3603672Y1145722D01*
X3603524Y1145832D01*
X3603380Y1145944D01*
X3603238Y1146061D01*
X3603099Y1146181D01*
X3602963Y1146304D01*
X3602830Y1146430D01*
X3602700Y1146560D01*
X3602573Y1146692D01*
X3602449Y1146828D01*
X3602329Y1146967D01*
X3602212Y1147108D01*
X3602099Y1147253D01*
X3601989Y1147400D01*
X3601883Y1147549D01*
X3601780Y1147702D01*
X3601682Y1147856D01*
X3601586Y1148013D01*
X3601495Y1148172D01*
X3601408Y1148334D01*
X3601324Y1148497D01*
X3601245Y1148663D01*
X3601170Y1148830D01*
X3601098Y1148999D01*
X3601031Y1149170D01*
X3600968Y1149342D01*
X3600909Y1149516D01*
X3600855Y1149691D01*
X3600804Y1149868D01*
X3600758Y1150045D01*
X3600716Y1150224D01*
X3600717Y1150224D02*
X3575441Y1264634D01*
X3566819Y1294988D01*
X3559850Y1311996D01*
X3528669Y1360067D01*
X3511740Y1383610D01*
X3456622Y1451130D01*
X3406189Y1495776D01*
X3377488Y1514161D01*
X3348945Y1529398D01*
X3298630Y1546051D01*
X3240480Y1560618D01*
X3200953Y1565539D01*
X3200953Y1565540D02*
X3200820Y1565553D01*
X3200686Y1565562D01*
X3200553Y1565568D01*
X3200419Y1565569D01*
X3200285Y1565567D01*
X3200151Y1565560D01*
X3200018Y1565550D01*
X3199885Y1565536D01*
X3199752Y1565518D01*
X3199620Y1565497D01*
X3199488Y1565471D01*
X3199358Y1565442D01*
X3199228Y1565409D01*
X3199099Y1565372D01*
X3198972Y1565332D01*
X3198845Y1565288D01*
X3198720Y1565240D01*
X3198597Y1565189D01*
X3198475Y1565134D01*
X3198354Y1565076D01*
X3198235Y1565014D01*
X3198118Y1564949D01*
X3198003Y1564880D01*
X3197891Y1564809D01*
X3197780Y1564734D01*
X3197671Y1564655D01*
X3197565Y1564574D01*
X3197461Y1564490D01*
X3197359Y1564403D01*
X3197260Y1564312D01*
X3197164Y1564219D01*
X3197071Y1564124D01*
X3196980Y1564025D01*
X3196892Y1563924D01*
X3196807Y1563821D01*
X3196725Y1563715D01*
X3196646Y1563607D01*
X3196571Y1563496D01*
X3196498Y1563384D01*
X3196429Y1563269D01*
X3196363Y1563153D01*
X3196301Y1563034D01*
X3196242Y1562914D01*
X3196186Y1562793D01*
X3196134Y1562669D01*
X3196086Y1562544D01*
X3196041Y1562418D01*
X3196000Y1562291D01*
X3195962Y1562162D01*
X3195928Y1562033D01*
X3195898Y1561903D01*
X3195872Y1561771D01*
X3195850Y1561639D01*
X3195831Y1561507D01*
X3195816Y1561374D01*
X3195806Y1561240D01*
X3195798Y1561107D01*
X3195795Y1560973D01*
X3195795Y1560972D02*
X3190598Y0966209D01*
X3190598Y0966208D02*
X3190601Y0966057D01*
X3190607Y0965907D01*
X3190617Y0965756D01*
X3190632Y0965606D01*
X3190650Y0965456D01*
X3190672Y0965306D01*
X3190698Y0965158D01*
X3190728Y0965010D01*
X3190762Y0964862D01*
X3190800Y0964716D01*
X3190841Y0964571D01*
X3190886Y0964427D01*
X3190935Y0964284D01*
X3190988Y0964143D01*
X3191045Y0964003D01*
X3191105Y0963864D01*
X3191168Y0963727D01*
X3191236Y0963592D01*
X3191306Y0963459D01*
X3191381Y0963327D01*
X3191458Y0963197D01*
X3191539Y0963070D01*
X3191624Y0962945D01*
X3191711Y0962822D01*
X3191802Y0962701D01*
X3191896Y0962583D01*
X3191993Y0962467D01*
X3192093Y0962354D01*
X3192196Y0962243D01*
X3192301Y0962136D01*
X3192410Y0962031D01*
X3192521Y0961928D01*
X3192635Y0961829D01*
X3192751Y0961733D01*
X3192870Y0961640D01*
X3192992Y0961550D01*
X3193115Y0961463D01*
X3193241Y0961380D01*
X3193369Y0961300D01*
X3193499Y0961223D01*
X3193631Y0961150D01*
X3193765Y0961080D01*
X3193901Y0961013D01*
X3194038Y0960951D01*
X3194177Y0960892D01*
X3194317Y0960836D01*
X3194459Y0960784D01*
X3194602Y0960736D01*
X3194747Y0960692D01*
X3194892Y0960651D01*
X3195039Y0960615D01*
X3195186Y0960582D01*
X3195334Y0960553D01*
X3195483Y0960528D01*
X3195633Y0960507D01*
X3195783Y0960490D01*
X3195933Y0960476D01*
X3196084Y0960467D01*
X3196235Y0960461D01*
X3196386Y0960460D01*
X3196386Y0960461D02*
X3593197Y0971130D01*
X3593417Y0971148D01*
X3593637Y0971171D01*
X3593856Y0971200D01*
X3594074Y0971234D01*
X3594291Y0971273D01*
X3594508Y0971318D01*
X3594723Y0971367D01*
X3594937Y0971422D01*
X3595149Y0971482D01*
X3595360Y0971548D01*
X3595569Y0971618D01*
X3595777Y0971693D01*
X3595983Y0971774D01*
X3596186Y0971859D01*
X3596388Y0971949D01*
X3596587Y0972044D01*
X3596784Y0972144D01*
X3596978Y0972249D01*
X3597170Y0972358D01*
X3597359Y0972472D01*
X3597546Y0972591D01*
X3597729Y0972714D01*
X3597909Y0972841D01*
X3598087Y0972973D01*
X3598261Y0973109D01*
X3598431Y0973249D01*
X3598598Y0973393D01*
X3598762Y0973542D01*
X3598922Y0973694D01*
X3599078Y0973850D01*
X3599231Y0974010D01*
X3599379Y0974173D01*
X3599524Y0974340D01*
X3599664Y0974510D01*
X3599800Y0974684D01*
X3599932Y0974861D01*
X3600060Y0975041D01*
X3600183Y0975225D01*
X3600302Y0975411D01*
X3600416Y0975600D01*
X3600526Y0975792D01*
X3600630Y0975986D01*
X3600731Y0976183D01*
X3600826Y0976382D01*
X3600916Y0976583D01*
X3601002Y0976787D01*
X3601083Y0976992D01*
X3601158Y0977200D01*
X3601229Y0977409D01*
X3601294Y0977620D01*
X3601355Y0977832D01*
X3601410Y0978046D01*
X3601460Y0978261D01*
X3601505Y0978477D01*
X3601544Y0978695D01*
X3601578Y0978913D01*
X3601607Y0979132D01*
X3601631Y0979351D01*
X3601649Y0979571D01*
X3601662Y0979792D01*
X3601661Y0979791D02*
X3600756Y1089161D01*
X3600756Y1089162D02*
X3600758Y1089353D01*
X3600764Y1089545D01*
X3600776Y1089737D01*
X3600791Y1089928D01*
X3600812Y1090119D01*
X3600837Y1090309D01*
X3600867Y1090499D01*
X3600901Y1090688D01*
X3600940Y1090875D01*
X3600983Y1091062D01*
X3601031Y1091248D01*
X3601084Y1091433D01*
X3601141Y1091616D01*
X3601202Y1091798D01*
X3601268Y1091978D01*
X3601338Y1092157D01*
X3601412Y1092334D01*
X3601491Y1092509D01*
X3601574Y1092682D01*
X3601661Y1092853D01*
X3601753Y1093021D01*
X3601848Y1093188D01*
X3601947Y1093352D01*
X3602051Y1093514D01*
X3602158Y1093673D01*
X3602269Y1093829D01*
X3602384Y1093983D01*
X3602502Y1094134D01*
X3602625Y1094282D01*
X3602750Y1094427D01*
X3602880Y1094569D01*
X3603012Y1094708D01*
X3603148Y1094843D01*
X3603287Y1094975D01*
X3603430Y1095104D01*
X3603575Y1095229D01*
X3603724Y1095350D01*
X3603875Y1095468D01*
X3604029Y1095582D01*
X3604186Y1095693D01*
X3604346Y1095799D01*
X3604508Y1095902D01*
X3604673Y1096001D01*
X3604840Y1096095D01*
X3605009Y1096186D01*
X3605180Y1096273D01*
X3605354Y1096355D01*
X3605529Y1096433D01*
X3605706Y1096507D01*
X3605885Y1096576D01*
X3606066Y1096641D01*
X3606248Y1096702D01*
X3606431Y1096758D01*
X3606616Y1096809D01*
X3606802Y1096857D01*
X3606989Y1096899D01*
X3607177Y1096937D01*
X3607366Y1096971D01*
X3607556Y1097000D01*
X3607746Y1097024D01*
X3607937Y1097044D01*
X3608128Y1097059D01*
X3608320Y1097069D01*
X3608512Y1097075D01*
X3633236Y1097508D01*
X3633420Y1097512D01*
X3633603Y1097511D01*
X3633787Y1097505D01*
X3633971Y1097495D01*
X3634154Y1097481D01*
X3634337Y1097462D01*
X3634519Y1097439D01*
X3634701Y1097411D01*
X3634882Y1097379D01*
X3635062Y1097343D01*
X3635242Y1097302D01*
X3635420Y1097257D01*
X3635597Y1097208D01*
X3635773Y1097154D01*
X3635947Y1097096D01*
X3636120Y1097034D01*
X3636292Y1096968D01*
X3636462Y1096897D01*
X3636630Y1096823D01*
X3636796Y1096744D01*
X3636960Y1096662D01*
X3637123Y1096576D01*
X3637283Y1096485D01*
X3637441Y1096391D01*
X3637596Y1096293D01*
X3637750Y1096191D01*
X3637900Y1096086D01*
X3638048Y1095977D01*
X3638194Y1095864D01*
X3638336Y1095748D01*
X3638476Y1095629D01*
X3638613Y1095506D01*
X3638747Y1095380D01*
X3638877Y1095251D01*
X3639005Y1095119D01*
X3639129Y1094983D01*
X3639250Y1094845D01*
X3639368Y1094704D01*
X3639482Y1094559D01*
X3639593Y1094413D01*
X3639700Y1094263D01*
X3639804Y1094111D01*
X3639903Y1093957D01*
X3639999Y1093800D01*
X3640092Y1093641D01*
X3640180Y1093480D01*
X3640264Y1093316D01*
X3640345Y1093151D01*
X3640421Y1092984D01*
X3640493Y1092815D01*
X3640562Y1092644D01*
X3640626Y1092472D01*
X3640686Y1092298D01*
X3640741Y1092123D01*
X3640793Y1091946D01*
X3640840Y1091768D01*
X3640883Y1091590D01*
X3640921Y1091410D01*
X3640955Y1091229D01*
X3640985Y1091048D01*
X3641010Y1090866D01*
X3641031Y1090683D01*
X3641048Y1090500D01*
X3641060Y1090316D01*
X3641068Y1090133D01*
X3641071Y1089949D01*
X3641858Y0943846D01*
X3641848Y0943571D01*
X3641830Y0943296D01*
X3641806Y0943021D01*
X3641776Y0942747D01*
X3641738Y0942474D01*
X3641694Y0942202D01*
X3641643Y0941931D01*
X3641586Y0941661D01*
X3641522Y0941393D01*
X3641452Y0941126D01*
X3641375Y0940861D01*
X3641292Y0940599D01*
X3641202Y0940338D01*
X3641106Y0940079D01*
X3641003Y0939823D01*
X3640895Y0939570D01*
X3640780Y0939319D01*
X3640659Y0939071D01*
X3640532Y0938827D01*
X3640399Y0938585D01*
X3640261Y0938347D01*
X3640116Y0938112D01*
X3639966Y0937881D01*
X3639810Y0937653D01*
X3639649Y0937430D01*
X3639482Y0937210D01*
X3639310Y0936994D01*
X3639133Y0936783D01*
X3638951Y0936576D01*
X3638764Y0936374D01*
X3638571Y0936176D01*
X3638374Y0935983D01*
X3638173Y0935795D01*
X3637967Y0935612D01*
X3637756Y0935434D01*
X3637541Y0935262D01*
X3637322Y0935094D01*
X3637099Y0934932D01*
X3636872Y0934775D01*
X3636641Y0934624D01*
X3636407Y0934479D01*
X3636169Y0934340D01*
X3635928Y0934206D01*
X3635684Y0934078D01*
X3635436Y0933956D01*
X3635186Y0933841D01*
X3634933Y0933731D01*
X3634677Y0933628D01*
X3634419Y0933531D01*
X3634159Y0933440D01*
X3633896Y0933356D01*
X3633632Y0933278D01*
X3633366Y0933207D01*
X3633098Y0933142D01*
X3632828Y0933084D01*
X3632557Y0933032D01*
X3632285Y0932987D01*
X3632012Y0932949D01*
X3631738Y0932917D01*
X3631464Y0932892D01*
X3631189Y0932874D01*
X3630913Y0932862D01*
X3540795Y0930185D01*
X3510874Y0929240D01*
X3380205Y0925303D01*
X3350520Y0924398D01*
X3218512Y0920421D01*
X3152843Y0918453D01*
X3042016Y0919673D01*
X2962961Y0920618D01*
X2832843Y0922154D01*
X2801031Y0922508D01*
X2710559Y0923610D01*
X2710559Y0923611D02*
X2710287Y0923624D01*
X2710014Y0923645D01*
X2709743Y0923672D01*
X2709472Y0923705D01*
X2709202Y0923746D01*
X2708933Y0923792D01*
X2708665Y0923846D01*
X2708399Y0923906D01*
X2708134Y0923972D01*
X2707871Y0924045D01*
X2707610Y0924125D01*
X2707351Y0924210D01*
X2707094Y0924303D01*
X2706839Y0924401D01*
X2706587Y0924506D01*
X2706338Y0924616D01*
X2706091Y0924733D01*
X2705847Y0924856D01*
X2705606Y0924985D01*
X2705369Y0925120D01*
X2705135Y0925260D01*
X2704904Y0925406D01*
X2704677Y0925558D01*
X2704454Y0925715D01*
X2704235Y0925878D01*
X2704020Y0926046D01*
X2703809Y0926219D01*
X2703602Y0926398D01*
X2703400Y0926581D01*
X2703203Y0926769D01*
X2703010Y0926963D01*
X2702822Y0927160D01*
X2702638Y0927363D01*
X2702460Y0927570D01*
X2702287Y0927781D01*
X2702119Y0927996D01*
X2701957Y0928215D01*
X2701799Y0928438D01*
X2701648Y0928665D01*
X2701502Y0928896D01*
X2701362Y0929130D01*
X2701227Y0929368D01*
X2701099Y0929609D01*
X2700976Y0929853D01*
X2700859Y0930099D01*
X2700749Y0930349D01*
X2700644Y0930601D01*
X2700546Y0930856D01*
X2700454Y0931113D01*
X2700369Y0931372D01*
X2700290Y0931633D01*
X2700217Y0931897D01*
X2700151Y0932161D01*
X2700091Y0932428D01*
X2700038Y0932696D01*
X2699991Y0932965D01*
X2699951Y0933235D01*
X2699918Y0933505D01*
X2699891Y0933777D01*
X2699871Y0934049D01*
X2699857Y0934322D01*
X2699851Y0934595D01*
X2751937Y1136799D02*
X2739483Y1139369D01*
X2727094Y1142232D01*
M02*
