G75*
%MOIN*%
%OFA0B0*%
%FSLAX25Y25*%
%IPPOS*%
%LPD*%
%AMOC8*
5,1,8,0,0,1.08239X$1,22.5*
%
%ADD10C,0.03937*%
D10*
X0047460Y0147587D02*
X0100609Y0143059D01*
X0133877Y0140697D01*
X0201200Y0138138D01*
X0197460Y0178492D02*
X0057893Y0186366D01*
X0047459Y0147586D02*
X0046208Y0147788D01*
X0044961Y0148020D01*
X0043721Y0148283D01*
X0042487Y0148575D01*
X0041261Y0148897D01*
X0040043Y0149250D01*
X0038834Y0149631D01*
X0037634Y0150042D01*
X0036445Y0150482D01*
X0035267Y0150950D01*
X0034101Y0151448D01*
X0032947Y0151973D01*
X0031806Y0152526D01*
X0030679Y0153107D01*
X0029567Y0153715D01*
X0028469Y0154350D01*
X0027387Y0155011D01*
X0026322Y0155698D01*
X0025274Y0156411D01*
X0024243Y0157150D01*
X0023231Y0157913D01*
X0022237Y0158701D01*
X0021263Y0159512D01*
X0020309Y0160347D01*
X0019375Y0161205D01*
X0018463Y0162085D01*
X0017572Y0162987D01*
X0016703Y0163911D01*
X0015857Y0164855D01*
X0015035Y0165820D01*
X0014236Y0166804D01*
X0013461Y0167808D01*
X0012711Y0168830D01*
X0011985Y0169870D01*
X0011286Y0170927D01*
X0010612Y0172001D01*
X0009964Y0173091D01*
X0009343Y0174197D01*
X0008750Y0175317D01*
X0008183Y0176451D01*
X0007645Y0177599D01*
X0007134Y0178759D01*
X0006652Y0179932D01*
X0006198Y0181116D01*
X0005773Y0182310D01*
X0005378Y0183515D01*
X0005012Y0184729D01*
X0004675Y0185951D01*
X0004368Y0187181D01*
X0004092Y0188419D01*
X0003845Y0189662D01*
X0003629Y0190912D01*
X0003443Y0192166D01*
X0003287Y0193424D01*
X0003163Y0194686D01*
X0003069Y0195950D01*
X0003005Y0197216D01*
X0002973Y0198484D01*
X0002971Y0199752D01*
X0002972Y0199752D02*
X0007696Y0636957D01*
X0024625Y0752508D01*
X0031515Y0783610D01*
X0049822Y0853295D01*
X0072853Y0898571D02*
X0082893Y0914319D01*
X0191554Y0931248D02*
X0192001Y0928613D01*
X0192390Y0925969D01*
X0192723Y0923318D01*
X0192998Y0920660D01*
X0193216Y0917997D01*
X0193376Y0915330D01*
X0193478Y0912659D01*
X0193523Y0909988D01*
X0191554Y0931248D02*
X0191480Y0931628D01*
X0191397Y0932007D01*
X0191305Y0932384D01*
X0191205Y0932758D01*
X0191095Y0933130D01*
X0190976Y0933499D01*
X0190848Y0933865D01*
X0190712Y0934227D01*
X0190566Y0934587D01*
X0190412Y0934943D01*
X0190250Y0935295D01*
X0190079Y0935642D01*
X0189900Y0935986D01*
X0189712Y0936325D01*
X0189517Y0936660D01*
X0189313Y0936990D01*
X0189101Y0937315D01*
X0188882Y0937634D01*
X0188655Y0937948D01*
X0188420Y0938257D01*
X0188178Y0938560D01*
X0187929Y0938857D01*
X0187673Y0939148D01*
X0187410Y0939432D01*
X0187140Y0939710D01*
X0186863Y0939982D01*
X0186580Y0940246D01*
X0186290Y0940504D01*
X0185995Y0940755D01*
X0185693Y0940998D01*
X0185385Y0941235D01*
X0185072Y0941463D01*
X0184754Y0941684D01*
X0184430Y0941898D01*
X0184102Y0942103D01*
X0183768Y0942300D01*
X0183430Y0942490D01*
X0183087Y0942671D01*
X0182740Y0942843D01*
X0182389Y0943008D01*
X0182034Y0943163D01*
X0181675Y0943310D01*
X0181313Y0943449D01*
X0180948Y0943578D01*
X0180579Y0943699D01*
X0180208Y0943811D01*
X0179834Y0943914D01*
X0179458Y0944008D01*
X0179080Y0944092D01*
X0178700Y0944168D01*
X0178318Y0944234D01*
X0177934Y0944291D01*
X0177550Y0944339D01*
X0177164Y0944377D01*
X0176777Y0944406D01*
X0176390Y0944426D01*
X0176003Y0944436D01*
X0153365Y0944043D02*
X0108287Y0933217D01*
X0108287Y0933216D02*
X0107331Y0932974D01*
X0106382Y0932709D01*
X0105439Y0932420D01*
X0104504Y0932109D01*
X0103576Y0931775D01*
X0102658Y0931418D01*
X0101748Y0931039D01*
X0100847Y0930637D01*
X0099957Y0930214D01*
X0099077Y0929769D01*
X0098209Y0929302D01*
X0097352Y0928815D01*
X0096508Y0928307D01*
X0095676Y0927778D01*
X0094857Y0927229D01*
X0094052Y0926660D01*
X0093261Y0926071D01*
X0092485Y0925463D01*
X0091724Y0924837D01*
X0090978Y0924192D01*
X0090249Y0923529D01*
X0089536Y0922848D01*
X0088840Y0922150D01*
X0088161Y0921435D01*
X0087500Y0920704D01*
X0086857Y0919957D01*
X0086232Y0919194D01*
X0085626Y0918416D01*
X0085040Y0917624D01*
X0084473Y0916818D01*
X0083926Y0915997D01*
X0083399Y0915164D01*
X0082893Y0914318D01*
X0146672Y0902311D02*
X0146816Y0902346D01*
X0146961Y0902377D01*
X0147106Y0902404D01*
X0147252Y0902427D01*
X0147398Y0902446D01*
X0147545Y0902462D01*
X0147693Y0902473D01*
X0147840Y0902481D01*
X0147988Y0902485D01*
X0148136Y0902484D01*
X0148283Y0902480D01*
X0148431Y0902472D01*
X0148578Y0902460D01*
X0148725Y0902444D01*
X0148872Y0902424D01*
X0149017Y0902400D01*
X0149163Y0902373D01*
X0149307Y0902341D01*
X0149450Y0902306D01*
X0149593Y0902266D01*
X0149734Y0902224D01*
X0149875Y0902177D01*
X0150014Y0902126D01*
X0150151Y0902072D01*
X0150287Y0902015D01*
X0150422Y0901953D01*
X0150554Y0901888D01*
X0150685Y0901820D01*
X0150814Y0901748D01*
X0150942Y0901673D01*
X0151067Y0901594D01*
X0151190Y0901512D01*
X0151310Y0901427D01*
X0151429Y0901339D01*
X0151545Y0901247D01*
X0151659Y0901153D01*
X0151770Y0901055D01*
X0151878Y0900955D01*
X0151984Y0900851D01*
X0152086Y0900745D01*
X0152186Y0900636D01*
X0152284Y0900525D01*
X0152378Y0900411D01*
X0152469Y0900295D01*
X0152557Y0900176D01*
X0152641Y0900055D01*
X0152723Y0899931D01*
X0152801Y0899806D01*
X0152876Y0899678D01*
X0152947Y0899549D01*
X0153015Y0899418D01*
X0153079Y0899285D01*
X0153140Y0899150D01*
X0153197Y0899014D01*
X0153251Y0898876D01*
X0153300Y0898737D01*
X0153346Y0898596D01*
X0153389Y0898455D01*
X0153427Y0898312D01*
X0153462Y0898169D01*
X0153493Y0898024D01*
X0153520Y0897879D01*
X0153543Y0897733D01*
X0153563Y0897586D01*
X0153562Y0897587D02*
X0154153Y0761760D01*
X0154349Y0709004D01*
X0159271Y0665500D01*
X0160058Y0633610D01*
X0162814Y0624161D02*
X0189192Y0596209D01*
X0189305Y0596092D01*
X0189420Y0595979D01*
X0189538Y0595868D01*
X0189659Y0595760D01*
X0189782Y0595655D01*
X0189908Y0595554D01*
X0190037Y0595455D01*
X0190167Y0595360D01*
X0190300Y0595267D01*
X0190435Y0595178D01*
X0190573Y0595093D01*
X0190712Y0595011D01*
X0190853Y0594932D01*
X0190997Y0594856D01*
X0191142Y0594785D01*
X0191288Y0594716D01*
X0191437Y0594652D01*
X0191587Y0594591D01*
X0191738Y0594533D01*
X0191891Y0594480D01*
X0192045Y0594430D01*
X0192200Y0594384D01*
X0192356Y0594342D01*
X0192513Y0594303D01*
X0192671Y0594269D01*
X0192830Y0594238D01*
X0192990Y0594211D01*
X0193150Y0594188D01*
X0193311Y0594170D01*
X0193472Y0594154D01*
X0193633Y0594143D01*
X0193795Y0594136D01*
X0193957Y0594133D01*
X0194119Y0594134D01*
X0194281Y0594139D01*
X0194442Y0594147D01*
X0194604Y0594160D01*
X0194765Y0594177D01*
X0194925Y0594197D01*
X0195085Y0594222D01*
X0195244Y0594250D01*
X0195403Y0594282D01*
X0195561Y0594318D01*
X0195717Y0594358D01*
X0195873Y0594402D01*
X0196028Y0594450D01*
X0196181Y0594501D01*
X0196334Y0594556D01*
X0196484Y0594615D01*
X0196634Y0594678D01*
X0196781Y0594744D01*
X0196927Y0594813D01*
X0197072Y0594887D01*
X0197214Y0594963D01*
X0197355Y0595044D01*
X0197493Y0595127D01*
X0197630Y0595214D01*
X0197764Y0595304D01*
X0197896Y0595398D01*
X0198026Y0595495D01*
X0198153Y0595595D01*
X0198278Y0595698D01*
X0198400Y0595804D01*
X0198520Y0595913D01*
X0198637Y0596025D01*
X0198751Y0596139D01*
X0198862Y0596257D01*
X0198971Y0596377D01*
X0199076Y0596500D01*
X0199179Y0596625D01*
X0199278Y0596753D01*
X0199374Y0596883D01*
X0199467Y0597015D01*
X0199557Y0597150D01*
X0199643Y0597287D01*
X0199726Y0597426D01*
X0199806Y0597567D01*
X0199882Y0597709D01*
X0199955Y0597854D01*
X0200024Y0598000D01*
X0200089Y0598148D01*
X0200151Y0598298D01*
X0200209Y0598449D01*
X0200263Y0598601D01*
X0200314Y0598755D01*
X0200361Y0598910D01*
X0200404Y0599066D01*
X0200443Y0599223D01*
X0200479Y0599381D01*
X0200510Y0599540D01*
X0200538Y0599699D01*
X0200562Y0599859D01*
X0200582Y0600020D01*
X0200597Y0600181D01*
X0200609Y0600342D01*
X0200609Y0600343D02*
X0200019Y0626130D01*
X0199035Y0655854D01*
X0195294Y0706248D01*
X0195295Y0706248D02*
X0195297Y0706386D01*
X0195303Y0706524D01*
X0195312Y0706662D01*
X0195326Y0706799D01*
X0195343Y0706936D01*
X0195365Y0707072D01*
X0195390Y0707208D01*
X0195418Y0707343D01*
X0195451Y0707477D01*
X0195487Y0707610D01*
X0195527Y0707742D01*
X0195571Y0707873D01*
X0195619Y0708003D01*
X0195670Y0708131D01*
X0195724Y0708258D01*
X0195782Y0708383D01*
X0195844Y0708507D01*
X0195909Y0708628D01*
X0195977Y0708748D01*
X0196049Y0708866D01*
X0196124Y0708982D01*
X0196203Y0709096D01*
X0196284Y0709207D01*
X0196369Y0709316D01*
X0196456Y0709423D01*
X0196547Y0709527D01*
X0196640Y0709629D01*
X0196736Y0709728D01*
X0196835Y0709824D01*
X0196937Y0709917D01*
X0197041Y0710008D01*
X0197148Y0710095D01*
X0197257Y0710180D01*
X0197368Y0710261D01*
X0197482Y0710340D01*
X0197598Y0710415D01*
X0197716Y0710487D01*
X0197836Y0710555D01*
X0197957Y0710620D01*
X0198081Y0710682D01*
X0198206Y0710740D01*
X0198333Y0710794D01*
X0198461Y0710845D01*
X0198591Y0710893D01*
X0198722Y0710937D01*
X0198854Y0710977D01*
X0198987Y0711013D01*
X0199121Y0711046D01*
X0199256Y0711074D01*
X0199392Y0711099D01*
X0199528Y0711121D01*
X0199665Y0711138D01*
X0199802Y0711152D01*
X0199940Y0711161D01*
X0200078Y0711167D01*
X0200216Y0711169D01*
X0201987Y0711169D01*
X0201989Y0711195D01*
X0201994Y0711220D01*
X0202002Y0711244D01*
X0202013Y0711268D01*
X0202028Y0711289D01*
X0202045Y0711308D01*
X0202064Y0711325D01*
X0202086Y0711340D01*
X0202109Y0711351D01*
X0202133Y0711359D01*
X0202158Y0711364D01*
X0202184Y0711366D01*
X0222460Y0711366D01*
X0222626Y0711368D01*
X0222793Y0711374D01*
X0222959Y0711384D01*
X0223125Y0711398D01*
X0223290Y0711416D01*
X0223456Y0711438D01*
X0223620Y0711464D01*
X0223784Y0711494D01*
X0223947Y0711528D01*
X0224109Y0711566D01*
X0224270Y0711608D01*
X0224430Y0711654D01*
X0224589Y0711703D01*
X0224747Y0711757D01*
X0224903Y0711814D01*
X0225058Y0711875D01*
X0225212Y0711939D01*
X0225363Y0712008D01*
X0225514Y0712080D01*
X0225662Y0712155D01*
X0225808Y0712234D01*
X0225953Y0712317D01*
X0226095Y0712403D01*
X0226236Y0712493D01*
X0226374Y0712586D01*
X0226510Y0712682D01*
X0226643Y0712781D01*
X0226774Y0712884D01*
X0226903Y0712990D01*
X0227029Y0713099D01*
X0227152Y0713211D01*
X0227273Y0713326D01*
X0227390Y0713443D01*
X0227505Y0713564D01*
X0227617Y0713687D01*
X0227726Y0713813D01*
X0227832Y0713942D01*
X0227935Y0714073D01*
X0228034Y0714206D01*
X0228130Y0714342D01*
X0228223Y0714480D01*
X0228313Y0714621D01*
X0228399Y0714763D01*
X0228482Y0714908D01*
X0228561Y0715054D01*
X0228636Y0715202D01*
X0228708Y0715353D01*
X0228777Y0715504D01*
X0228841Y0715658D01*
X0228902Y0715813D01*
X0228959Y0715969D01*
X0229013Y0716127D01*
X0229062Y0716286D01*
X0229108Y0716446D01*
X0229150Y0716607D01*
X0229188Y0716769D01*
X0229222Y0716932D01*
X0229252Y0717096D01*
X0229278Y0717260D01*
X0229300Y0717426D01*
X0229318Y0717591D01*
X0229332Y0717757D01*
X0229342Y0717923D01*
X0229348Y0718090D01*
X0229350Y0718256D01*
X0229349Y0718256D02*
X0229349Y0789516D01*
X0229347Y0789671D01*
X0229341Y0789825D01*
X0229331Y0789979D01*
X0229318Y0790133D01*
X0229300Y0790287D01*
X0229279Y0790440D01*
X0229253Y0790593D01*
X0229224Y0790744D01*
X0229191Y0790895D01*
X0229154Y0791045D01*
X0229114Y0791195D01*
X0229069Y0791343D01*
X0229021Y0791490D01*
X0228969Y0791635D01*
X0228914Y0791780D01*
X0228854Y0791922D01*
X0228792Y0792064D01*
X0228725Y0792203D01*
X0228656Y0792341D01*
X0228582Y0792477D01*
X0228506Y0792612D01*
X0228425Y0792744D01*
X0228342Y0792874D01*
X0228255Y0793002D01*
X0228165Y0793128D01*
X0228072Y0793251D01*
X0227976Y0793372D01*
X0227877Y0793491D01*
X0227775Y0793607D01*
X0227670Y0793720D01*
X0227562Y0793831D01*
X0227451Y0793939D01*
X0227338Y0794044D01*
X0227222Y0794146D01*
X0227103Y0794245D01*
X0226982Y0794341D01*
X0226859Y0794434D01*
X0226733Y0794524D01*
X0226605Y0794611D01*
X0226475Y0794694D01*
X0226343Y0794775D01*
X0226208Y0794851D01*
X0226072Y0794925D01*
X0225934Y0794994D01*
X0225795Y0795061D01*
X0225653Y0795123D01*
X0225511Y0795183D01*
X0225366Y0795238D01*
X0225221Y0795290D01*
X0225074Y0795338D01*
X0224926Y0795383D01*
X0224776Y0795423D01*
X0224626Y0795460D01*
X0224475Y0795493D01*
X0224324Y0795522D01*
X0224171Y0795548D01*
X0224018Y0795569D01*
X0223864Y0795587D01*
X0223710Y0795600D01*
X0223556Y0795610D01*
X0223402Y0795616D01*
X0223247Y0795618D01*
X0200216Y0795618D01*
X0200072Y0795620D01*
X0199928Y0795626D01*
X0199785Y0795636D01*
X0199641Y0795649D01*
X0199498Y0795667D01*
X0199356Y0795688D01*
X0199214Y0795713D01*
X0199073Y0795742D01*
X0198933Y0795775D01*
X0198794Y0795812D01*
X0198656Y0795852D01*
X0198519Y0795896D01*
X0198383Y0795944D01*
X0198249Y0795995D01*
X0198116Y0796051D01*
X0197984Y0796109D01*
X0197854Y0796171D01*
X0197726Y0796237D01*
X0197600Y0796306D01*
X0197476Y0796379D01*
X0197354Y0796455D01*
X0197233Y0796534D01*
X0197115Y0796616D01*
X0196999Y0796702D01*
X0196886Y0796790D01*
X0196775Y0796882D01*
X0196667Y0796977D01*
X0196561Y0797074D01*
X0196458Y0797175D01*
X0196357Y0797278D01*
X0196260Y0797384D01*
X0196165Y0797492D01*
X0196073Y0797603D01*
X0195985Y0797716D01*
X0195899Y0797832D01*
X0195817Y0797950D01*
X0195738Y0798071D01*
X0195662Y0798193D01*
X0195589Y0798317D01*
X0195520Y0798443D01*
X0195454Y0798571D01*
X0195392Y0798701D01*
X0195334Y0798833D01*
X0195278Y0798966D01*
X0195227Y0799100D01*
X0195179Y0799236D01*
X0195135Y0799373D01*
X0195095Y0799511D01*
X0195058Y0799650D01*
X0195025Y0799790D01*
X0194996Y0799931D01*
X0194971Y0800073D01*
X0194950Y0800215D01*
X0194932Y0800358D01*
X0194919Y0800502D01*
X0194909Y0800645D01*
X0194903Y0800789D01*
X0194901Y0800933D01*
X0127578Y0896799D02*
X0126805Y0896541D01*
X0126039Y0896263D01*
X0125279Y0895968D01*
X0124528Y0895654D01*
X0123783Y0895321D01*
X0123048Y0894971D01*
X0122320Y0894604D01*
X0121602Y0894219D01*
X0120894Y0893816D01*
X0120195Y0893397D01*
X0119507Y0892961D01*
X0118829Y0892508D01*
X0118163Y0892039D01*
X0117508Y0891554D01*
X0116865Y0891054D01*
X0116234Y0890538D01*
X0115616Y0890007D01*
X0115011Y0889461D01*
X0114419Y0888901D01*
X0113841Y0888326D01*
X0113277Y0887738D01*
X0112728Y0887136D01*
X0112193Y0886522D01*
X0111673Y0885894D01*
X0111168Y0885254D01*
X0110680Y0884602D01*
X0110207Y0883939D01*
X0109750Y0883264D01*
X0109309Y0882578D01*
X0108886Y0881882D01*
X0108479Y0881176D01*
X0108089Y0880461D01*
X0194310Y0854083D02*
X0194901Y0800933D01*
X0249822Y0726917D02*
X0280727Y0738335D01*
X0280851Y0738388D01*
X0280977Y0738436D01*
X0281104Y0738481D01*
X0281232Y0738523D01*
X0281361Y0738560D01*
X0281491Y0738594D01*
X0281623Y0738624D01*
X0281755Y0738650D01*
X0281887Y0738673D01*
X0282021Y0738691D01*
X0282155Y0738706D01*
X0282289Y0738717D01*
X0282423Y0738724D01*
X0282558Y0738727D01*
X0282693Y0738726D01*
X0282827Y0738721D01*
X0282961Y0738713D01*
X0283096Y0738700D01*
X0283229Y0738684D01*
X0283362Y0738663D01*
X0283495Y0738639D01*
X0283626Y0738611D01*
X0283757Y0738579D01*
X0283887Y0738544D01*
X0284016Y0738505D01*
X0284144Y0738462D01*
X0284270Y0738415D01*
X0284395Y0738365D01*
X0284518Y0738311D01*
X0284640Y0738253D01*
X0284760Y0738193D01*
X0284878Y0738128D01*
X0284995Y0738060D01*
X0285109Y0737989D01*
X0285221Y0737915D01*
X0285331Y0737837D01*
X0285439Y0737756D01*
X0285544Y0737673D01*
X0285647Y0737586D01*
X0285747Y0737496D01*
X0285845Y0737403D01*
X0285940Y0737308D01*
X0286032Y0737210D01*
X0286122Y0737109D01*
X0286208Y0737006D01*
X0286291Y0736900D01*
X0286371Y0736792D01*
X0286448Y0736681D01*
X0286522Y0736569D01*
X0286593Y0736454D01*
X0286660Y0736337D01*
X0286724Y0736219D01*
X0286784Y0736098D01*
X0286841Y0735976D01*
X0286894Y0735852D01*
X0286944Y0735727D01*
X0286990Y0735601D01*
X0287032Y0735473D01*
X0287071Y0735344D01*
X0287105Y0735214D01*
X0287137Y0735083D01*
X0287164Y0734951D01*
X0287187Y0734818D01*
X0287207Y0734685D01*
X0287223Y0734552D01*
X0287234Y0734417D01*
X0287242Y0734283D01*
X0287246Y0734148D01*
X0287247Y0734014D01*
X0287243Y0733879D01*
X0287235Y0733745D01*
X0287224Y0733611D01*
X0287224Y0733610D02*
X0281318Y0674752D01*
X0279349Y0609201D01*
X0282893Y0584988D01*
X0296279Y0525736D01*
X0295885Y0480067D01*
X0294704Y0471209D01*
X0270294Y0378886D01*
X0252972Y0244437D01*
X0248444Y0210776D01*
X0245294Y0179083D01*
X0206515Y0188138D02*
X0208483Y0214122D01*
X0212617Y0246209D01*
X0221672Y0310972D01*
X0230531Y0385579D01*
X0255334Y0479280D01*
X0256121Y0522980D01*
X0250609Y0543650D01*
X0243523Y0578098D01*
X0239389Y0603886D01*
X0240373Y0685776D01*
X0245098Y0721012D01*
X0245097Y0721012D02*
X0245123Y0721186D01*
X0245152Y0721360D01*
X0245186Y0721534D01*
X0245224Y0721706D01*
X0245266Y0721878D01*
X0245313Y0722048D01*
X0245363Y0722217D01*
X0245417Y0722385D01*
X0245476Y0722552D01*
X0245538Y0722717D01*
X0245605Y0722881D01*
X0245675Y0723043D01*
X0245749Y0723203D01*
X0245827Y0723361D01*
X0245909Y0723518D01*
X0245995Y0723672D01*
X0246084Y0723824D01*
X0246177Y0723975D01*
X0246274Y0724122D01*
X0246374Y0724268D01*
X0246477Y0724411D01*
X0246584Y0724551D01*
X0246694Y0724689D01*
X0246808Y0724825D01*
X0246925Y0724957D01*
X0247045Y0725087D01*
X0247168Y0725213D01*
X0247294Y0725337D01*
X0247423Y0725457D01*
X0247555Y0725575D01*
X0247689Y0725689D01*
X0247827Y0725800D01*
X0247967Y0725907D01*
X0248109Y0726012D01*
X0248255Y0726112D01*
X0248402Y0726209D01*
X0248552Y0726303D01*
X0248704Y0726393D01*
X0248858Y0726479D01*
X0249014Y0726562D01*
X0249172Y0726641D01*
X0249332Y0726716D01*
X0249493Y0726787D01*
X0249657Y0726854D01*
X0249822Y0726917D01*
X0049822Y0853296D02*
X0052215Y0859188D01*
X0054750Y0865020D01*
X0057425Y0870789D01*
X0060240Y0876492D01*
X0063191Y0882125D01*
X0066279Y0887685D01*
X0069500Y0893168D01*
X0072854Y0898571D01*
X0071475Y0780264D02*
X0064192Y0746799D01*
X0048641Y0640303D01*
X0046672Y0586957D01*
X0043523Y0276524D01*
X0042932Y0245618D01*
X0043523Y0206445D01*
X0045688Y0195027D02*
X0045823Y0194712D01*
X0045966Y0194400D01*
X0046117Y0194092D01*
X0046274Y0193787D01*
X0046440Y0193487D01*
X0046612Y0193190D01*
X0046792Y0192898D01*
X0046978Y0192610D01*
X0047172Y0192327D01*
X0047373Y0192049D01*
X0047580Y0191776D01*
X0047794Y0191507D01*
X0048014Y0191245D01*
X0048241Y0190987D01*
X0048474Y0190735D01*
X0048713Y0190489D01*
X0048958Y0190249D01*
X0049208Y0190015D01*
X0049465Y0189787D01*
X0049726Y0189565D01*
X0049994Y0189350D01*
X0050266Y0189141D01*
X0050543Y0188939D01*
X0050825Y0188744D01*
X0051112Y0188556D01*
X0051403Y0188375D01*
X0051699Y0188201D01*
X0051999Y0188034D01*
X0052303Y0187875D01*
X0052610Y0187723D01*
X0052921Y0187579D01*
X0053236Y0187442D01*
X0053554Y0187313D01*
X0053875Y0187192D01*
X0054199Y0187079D01*
X0054525Y0186973D01*
X0054854Y0186876D01*
X0055185Y0186786D01*
X0055518Y0186705D01*
X0055853Y0186632D01*
X0056190Y0186567D01*
X0056529Y0186510D01*
X0056868Y0186462D01*
X0057209Y0186422D01*
X0057550Y0186390D01*
X0057893Y0186366D01*
X0045688Y0195027D02*
X0045432Y0195666D01*
X0045192Y0196311D01*
X0044967Y0196962D01*
X0044758Y0197618D01*
X0044565Y0198279D01*
X0044389Y0198944D01*
X0044228Y0199613D01*
X0044083Y0200286D01*
X0043955Y0200963D01*
X0043843Y0201642D01*
X0043748Y0202324D01*
X0043669Y0203008D01*
X0043606Y0203693D01*
X0043560Y0204380D01*
X0043531Y0205068D01*
X0043519Y0205756D01*
X0043523Y0206444D01*
X0197460Y0178492D02*
X0197713Y0178531D01*
X0197964Y0178575D01*
X0198214Y0178626D01*
X0198463Y0178682D01*
X0198711Y0178745D01*
X0198957Y0178814D01*
X0199201Y0178888D01*
X0199444Y0178969D01*
X0199684Y0179055D01*
X0199922Y0179147D01*
X0200158Y0179245D01*
X0200391Y0179348D01*
X0200622Y0179457D01*
X0200851Y0179572D01*
X0201076Y0179692D01*
X0201298Y0179818D01*
X0201517Y0179949D01*
X0201733Y0180085D01*
X0201946Y0180226D01*
X0202155Y0180373D01*
X0202361Y0180524D01*
X0202563Y0180681D01*
X0202761Y0180842D01*
X0202955Y0181008D01*
X0203144Y0181179D01*
X0203330Y0181354D01*
X0203512Y0181534D01*
X0203689Y0181718D01*
X0203861Y0181906D01*
X0204029Y0182099D01*
X0204192Y0182295D01*
X0204351Y0182495D01*
X0204504Y0182700D01*
X0204653Y0182907D01*
X0204796Y0183119D01*
X0204934Y0183333D01*
X0205067Y0183551D01*
X0205195Y0183772D01*
X0205317Y0183997D01*
X0205434Y0184224D01*
X0205546Y0184453D01*
X0205651Y0184686D01*
X0205751Y0184921D01*
X0205846Y0185158D01*
X0205934Y0185398D01*
X0206017Y0185639D01*
X0206094Y0185883D01*
X0206165Y0186128D01*
X0206230Y0186375D01*
X0206289Y0186623D01*
X0206342Y0186873D01*
X0206389Y0187124D01*
X0206429Y0187376D01*
X0206464Y0187629D01*
X0206493Y0187883D01*
X0206515Y0188138D01*
X0245294Y0179083D02*
X0245245Y0178056D01*
X0245171Y0177030D01*
X0245071Y0176006D01*
X0244948Y0174985D01*
X0244799Y0173968D01*
X0244626Y0172954D01*
X0244428Y0171945D01*
X0244206Y0170940D01*
X0243960Y0169942D01*
X0243690Y0168949D01*
X0243396Y0167964D01*
X0243078Y0166986D01*
X0242736Y0166016D01*
X0242371Y0165054D01*
X0241983Y0164102D01*
X0241572Y0163159D01*
X0241139Y0162226D01*
X0240683Y0161304D01*
X0240204Y0160394D01*
X0239704Y0159495D01*
X0239182Y0158609D01*
X0238639Y0157736D01*
X0238075Y0156876D01*
X0237491Y0156029D01*
X0236886Y0155198D01*
X0236261Y0154381D01*
X0235616Y0153579D01*
X0234953Y0152794D01*
X0234270Y0152024D01*
X0233569Y0151272D01*
X0232850Y0150536D01*
X0232114Y0149818D01*
X0231360Y0149119D01*
X0230590Y0148437D01*
X0229803Y0147775D01*
X0229001Y0147131D01*
X0228183Y0146508D01*
X0227350Y0145904D01*
X0226503Y0145320D01*
X0225642Y0144758D01*
X0224768Y0144216D01*
X0223881Y0143695D01*
X0222982Y0143196D01*
X0222071Y0142719D01*
X0221148Y0142265D01*
X0220215Y0141832D01*
X0219271Y0141423D01*
X0218318Y0141036D01*
X0217356Y0140673D01*
X0216386Y0140332D01*
X0215407Y0140016D01*
X0214421Y0139723D01*
X0213429Y0139454D01*
X0212430Y0139210D01*
X0211425Y0138989D01*
X0210415Y0138793D01*
X0209401Y0138621D01*
X0208383Y0138474D01*
X0207362Y0138352D01*
X0206338Y0138254D01*
X0205313Y0138181D01*
X0204285Y0138133D01*
X0203257Y0138110D01*
X0202229Y0138112D01*
X0201200Y0138139D01*
X0127578Y0896799D02*
X0133906Y0898763D01*
X0140271Y0900601D01*
X0146673Y0902311D01*
X0160059Y0633610D02*
X0160075Y0633158D01*
X0160102Y0632706D01*
X0160140Y0632255D01*
X0160189Y0631806D01*
X0160248Y0631357D01*
X0160317Y0630910D01*
X0160397Y0630465D01*
X0160488Y0630021D01*
X0160588Y0629580D01*
X0160700Y0629142D01*
X0160821Y0628706D01*
X0160953Y0628273D01*
X0161095Y0627844D01*
X0161247Y0627418D01*
X0161409Y0626995D01*
X0161581Y0626577D01*
X0161763Y0626162D01*
X0161954Y0625752D01*
X0162155Y0625347D01*
X0162366Y0624947D01*
X0162586Y0624551D01*
X0162815Y0624161D01*
X0153365Y0944043D02*
X0160908Y0944336D01*
X0168455Y0944467D01*
X0176003Y0944437D01*
X0108090Y0880461D02*
X0104011Y0872531D01*
X0100114Y0864511D01*
X0096399Y0856405D01*
X0092869Y0848216D01*
X0089525Y0839950D01*
X0086370Y0831610D01*
X0083404Y0823200D01*
X0080630Y0814725D01*
X0078049Y0806190D01*
X0075662Y0797599D01*
X0073471Y0788955D01*
X0071476Y0780264D01*
X0194310Y0854083D02*
X0193523Y0909988D01*
M02*
