G75*
%MOIN*%
%OFA0B0*%
%FSLAX25Y25*%
%IPPOS*%
%LPD*%
%AMOC8*
5,1,8,0,0,1.08239X$1,22.5*
%
%ADD10C,0.03937*%
D10*
X0032693Y0220815D02*
X0124228Y0213138D01*
X0347063Y0194831D01*
X0355724Y0194240D01*
X0355724Y0194241D02*
X0356127Y0194218D01*
X0356530Y0194205D01*
X0356934Y0194202D01*
X0357337Y0194209D01*
X0357740Y0194225D01*
X0358142Y0194251D01*
X0358544Y0194286D01*
X0358945Y0194331D01*
X0359344Y0194386D01*
X0359743Y0194451D01*
X0360139Y0194525D01*
X0360534Y0194608D01*
X0360926Y0194701D01*
X0361316Y0194804D01*
X0361704Y0194915D01*
X0362088Y0195036D01*
X0362470Y0195167D01*
X0362849Y0195306D01*
X0363224Y0195455D01*
X0363595Y0195612D01*
X0363962Y0195778D01*
X0364326Y0195953D01*
X0364685Y0196137D01*
X0365039Y0196330D01*
X0365389Y0196530D01*
X0365734Y0196740D01*
X0366074Y0196957D01*
X0366408Y0197183D01*
X0366737Y0197416D01*
X0367060Y0197657D01*
X0367377Y0197907D01*
X0367688Y0198163D01*
X0367993Y0198427D01*
X0368292Y0198698D01*
X0368583Y0198977D01*
X0368868Y0199262D01*
X0369147Y0199554D01*
X0369418Y0199853D01*
X0369681Y0200158D01*
X0369938Y0200470D01*
X0370186Y0200787D01*
X0370427Y0201110D01*
X0370661Y0201439D01*
X0370886Y0201774D01*
X0371103Y0202114D01*
X0371312Y0202459D01*
X0371512Y0202809D01*
X0371704Y0203164D01*
X0371888Y0203523D01*
X0372063Y0203886D01*
X0372850Y0206051D01*
X0373835Y0209594D01*
X0406118Y0357232D01*
X0411039Y0390894D01*
X0429740Y0512941D01*
X0438598Y0573965D01*
X0446472Y0629083D01*
X0465961Y0778098D01*
X0475409Y0853886D01*
X0485055Y0928295D01*
X0491551Y0978689D01*
X0492339Y0985579D01*
X0492535Y0987350D01*
X0492732Y0988335D01*
X0488795Y0991091D01*
X0507102Y1018453D01*
X0507496Y1019043D01*
X0507693Y1019437D01*
X0440370Y1066091D01*
X0439780Y1066484D01*
X0422850Y1041878D01*
X0367732Y1080657D01*
X0365370Y1081839D01*
X0365370Y1081838D02*
X0365009Y1082013D01*
X0364644Y1082179D01*
X0364276Y1082337D01*
X0363903Y1082485D01*
X0363527Y1082624D01*
X0363148Y1082754D01*
X0362766Y1082874D01*
X0362381Y1082986D01*
X0361993Y1083088D01*
X0361603Y1083180D01*
X0361211Y1083263D01*
X0360817Y1083337D01*
X0360421Y1083401D01*
X0360024Y1083455D01*
X0359626Y1083500D01*
X0359227Y1083534D01*
X0358827Y1083560D01*
X0358426Y1083575D01*
X0358025Y1083581D01*
X0357625Y1083577D01*
X0357224Y1083563D01*
X0356824Y1083540D01*
X0356425Y1083507D01*
X0356026Y1083464D01*
X0355629Y1083412D01*
X0355233Y1083349D01*
X0354838Y1083278D01*
X0354446Y1083196D01*
X0354055Y1083106D01*
X0353667Y1083005D01*
X0353282Y1082896D01*
X0352899Y1082777D01*
X0352519Y1082649D01*
X0352143Y1082511D01*
X0351770Y1082365D01*
X0351400Y1082209D01*
X0351035Y1082045D01*
X0350673Y1081872D01*
X0350316Y1081690D01*
X0349964Y1081499D01*
X0349616Y1081300D01*
X0349273Y1081093D01*
X0348935Y1080877D01*
X0348603Y1080653D01*
X0348276Y1080421D01*
X0347955Y1080181D01*
X0347639Y1079934D01*
X0347330Y1079679D01*
X0347027Y1079416D01*
X0346731Y1079147D01*
X0346441Y1078870D01*
X0346158Y1078586D01*
X0345882Y1078295D01*
X0342929Y1074949D01*
X0250803Y0958807D01*
X0250804Y0958807D02*
X0250731Y0958712D01*
X0250661Y0958615D01*
X0250595Y0958516D01*
X0250532Y0958415D01*
X0250472Y0958311D01*
X0250415Y0958206D01*
X0250362Y0958099D01*
X0250312Y0957991D01*
X0250266Y0957880D01*
X0250223Y0957769D01*
X0250185Y0957656D01*
X0250149Y0957542D01*
X0250118Y0957427D01*
X0250090Y0957310D01*
X0250066Y0957193D01*
X0250045Y0957076D01*
X0250029Y0956957D01*
X0250016Y0956839D01*
X0250016Y0954279D02*
X0250032Y0954127D01*
X0250051Y0953975D01*
X0250075Y0953824D01*
X0250102Y0953673D01*
X0250133Y0953524D01*
X0250167Y0953374D01*
X0250205Y0953226D01*
X0250247Y0953079D01*
X0250293Y0952933D01*
X0250342Y0952788D01*
X0250395Y0952644D01*
X0250452Y0952502D01*
X0250512Y0952361D01*
X0250575Y0952222D01*
X0250643Y0952085D01*
X0250713Y0951949D01*
X0250787Y0951815D01*
X0250864Y0951682D01*
X0250944Y0951552D01*
X0251028Y0951424D01*
X0251115Y0951298D01*
X0251205Y0951174D01*
X0251298Y0951052D01*
X0251394Y0950933D01*
X0254150Y0948571D02*
X0272654Y0934594D01*
X0275016Y0933217D02*
X0275152Y0933160D01*
X0275290Y0933107D01*
X0275429Y0933057D01*
X0275570Y0933010D01*
X0275711Y0932968D01*
X0275854Y0932929D01*
X0275998Y0932893D01*
X0276142Y0932862D01*
X0276287Y0932834D01*
X0276433Y0932810D01*
X0276580Y0932790D01*
X0276726Y0932773D01*
X0276874Y0932760D01*
X0277021Y0932751D01*
X0277169Y0932746D01*
X0277317Y0932745D01*
X0277465Y0932748D01*
X0277613Y0932754D01*
X0277760Y0932764D01*
X0277907Y0932778D01*
X0278054Y0932796D01*
X0278200Y0932818D01*
X0278346Y0932843D01*
X0278491Y0932872D01*
X0278635Y0932905D01*
X0278779Y0932942D01*
X0278921Y0932982D01*
X0279062Y0933026D01*
X0279202Y0933073D01*
X0279341Y0933124D01*
X0279478Y0933179D01*
X0279614Y0933238D01*
X0279748Y0933299D01*
X0279881Y0933365D01*
X0280012Y0933433D01*
X0280141Y0933505D01*
X0280268Y0933580D01*
X0280394Y0933659D01*
X0280517Y0933741D01*
X0280638Y0933826D01*
X0280757Y0933914D01*
X0280873Y0934005D01*
X0280987Y0934099D01*
X0281099Y0934196D01*
X0281208Y0934296D01*
X0281315Y0934398D01*
X0282102Y0934988D01*
X0282693Y0935776D01*
X0362417Y1035185D01*
X0450016Y0971406D01*
X0444504Y0929083D01*
X0422063Y0753098D01*
X0394504Y0550539D01*
X0378953Y0445224D01*
X0367142Y0366681D01*
X0339386Y0239909D01*
X0339386Y0239910D02*
X0339362Y0239811D01*
X0339335Y0239714D01*
X0339304Y0239618D01*
X0339269Y0239523D01*
X0339231Y0239430D01*
X0339189Y0239338D01*
X0339143Y0239248D01*
X0339094Y0239160D01*
X0339042Y0239074D01*
X0338986Y0238990D01*
X0338927Y0238908D01*
X0338865Y0238828D01*
X0338800Y0238751D01*
X0338732Y0238677D01*
X0338661Y0238605D01*
X0338588Y0238536D01*
X0338511Y0238470D01*
X0338433Y0238407D01*
X0338351Y0238347D01*
X0338268Y0238290D01*
X0338182Y0238236D01*
X0338095Y0238186D01*
X0338005Y0238140D01*
X0337914Y0238096D01*
X0337821Y0238057D01*
X0337727Y0238021D01*
X0337631Y0237989D01*
X0337535Y0237960D01*
X0337437Y0237935D01*
X0337338Y0237914D01*
X0337239Y0237897D01*
X0337138Y0237884D01*
X0337038Y0237875D01*
X0336937Y0237869D01*
X0336836Y0237868D01*
X0336735Y0237870D01*
X0336635Y0237877D01*
X0336534Y0237887D01*
X0336434Y0237901D01*
X0336335Y0237919D01*
X0336237Y0237941D01*
X0336236Y0237941D02*
X0061827Y0258413D01*
X0050213Y0504673D01*
X0044504Y0655264D01*
X0045291Y0752705D01*
X0046472Y0851917D01*
X0046470Y0852033D01*
X0046464Y0852149D01*
X0046455Y0852264D01*
X0046442Y0852379D01*
X0046425Y0852494D01*
X0046404Y0852608D01*
X0046379Y0852722D01*
X0046351Y0852834D01*
X0046319Y0852945D01*
X0046284Y0853056D01*
X0046245Y0853165D01*
X0046202Y0853273D01*
X0046156Y0853379D01*
X0046107Y0853484D01*
X0046054Y0853587D01*
X0045997Y0853689D01*
X0045938Y0853788D01*
X0045875Y0853885D01*
X0045809Y0853981D01*
X0045740Y0854074D01*
X0045668Y0854165D01*
X0045593Y0854253D01*
X0045515Y0854339D01*
X0045434Y0854422D01*
X0045351Y0854503D01*
X0045265Y0854581D01*
X0045177Y0854656D01*
X0045086Y0854728D01*
X0044993Y0854797D01*
X0044897Y0854863D01*
X0044800Y0854926D01*
X0044701Y0854985D01*
X0044599Y0855042D01*
X0044496Y0855095D01*
X0044391Y0855144D01*
X0044285Y0855190D01*
X0044177Y0855233D01*
X0044068Y0855272D01*
X0043957Y0855307D01*
X0043846Y0855339D01*
X0043734Y0855367D01*
X0043620Y0855392D01*
X0043506Y0855413D01*
X0043391Y0855430D01*
X0043276Y0855443D01*
X0043161Y0855452D01*
X0043045Y0855458D01*
X0042929Y0855460D01*
X0042929Y0855461D02*
X0041354Y0855461D01*
X0035449Y0855854D01*
X0041551Y0855461D02*
X0011236Y0857626D01*
X0011236Y0857627D02*
X0011105Y0857634D01*
X0010973Y0857638D01*
X0010842Y0857637D01*
X0010711Y0857633D01*
X0010579Y0857625D01*
X0010448Y0857614D01*
X0010318Y0857598D01*
X0010188Y0857579D01*
X0010059Y0857556D01*
X0009930Y0857529D01*
X0009802Y0857498D01*
X0009675Y0857464D01*
X0009549Y0857426D01*
X0009425Y0857384D01*
X0009301Y0857339D01*
X0009179Y0857290D01*
X0009059Y0857238D01*
X0008940Y0857182D01*
X0008823Y0857123D01*
X0008707Y0857060D01*
X0008593Y0856994D01*
X0008482Y0856924D01*
X0008372Y0856852D01*
X0008265Y0856776D01*
X0008160Y0856697D01*
X0008057Y0856615D01*
X0007957Y0856530D01*
X0007859Y0856443D01*
X0007763Y0856352D01*
X0007671Y0856259D01*
X0007581Y0856163D01*
X0007494Y0856064D01*
X0007410Y0855963D01*
X0007329Y0855860D01*
X0007251Y0855754D01*
X0007176Y0855646D01*
X0007104Y0855536D01*
X0007036Y0855424D01*
X0006971Y0855310D01*
X0006909Y0855194D01*
X0006850Y0855076D01*
X0006796Y0854956D01*
X0006744Y0854835D01*
X0006696Y0854713D01*
X0006652Y0854589D01*
X0006611Y0854464D01*
X0006574Y0854338D01*
X0006541Y0854211D01*
X0006511Y0854083D01*
X0006512Y0854083D02*
X0006315Y0849752D01*
X0003165Y0674161D01*
X0002969Y0656248D01*
X0003559Y0643453D01*
X0006512Y0577705D01*
X0011236Y0468453D01*
X0022457Y0233217D01*
X0022456Y0233216D02*
X0022475Y0232897D01*
X0022502Y0232578D01*
X0022537Y0232260D01*
X0022579Y0231943D01*
X0022629Y0231627D01*
X0022687Y0231312D01*
X0022752Y0230999D01*
X0022825Y0230688D01*
X0022906Y0230378D01*
X0022994Y0230071D01*
X0023089Y0229765D01*
X0023192Y0229462D01*
X0023302Y0229162D01*
X0023419Y0228865D01*
X0023544Y0228570D01*
X0023676Y0228279D01*
X0023815Y0227990D01*
X0023961Y0227706D01*
X0024113Y0227424D01*
X0024273Y0227147D01*
X0024439Y0226874D01*
X0024612Y0226605D01*
X0024791Y0226340D01*
X0024977Y0226079D01*
X0025169Y0225823D01*
X0025367Y0225572D01*
X0025571Y0225326D01*
X0025781Y0225085D01*
X0025997Y0224848D01*
X0026218Y0224618D01*
X0026445Y0224392D01*
X0026678Y0224173D01*
X0026916Y0223959D01*
X0027159Y0223751D01*
X0027407Y0223548D01*
X0027659Y0223352D01*
X0027917Y0223162D01*
X0028179Y0222979D01*
X0028445Y0222802D01*
X0028716Y0222631D01*
X0028990Y0222467D01*
X0029269Y0222310D01*
X0029551Y0222160D01*
X0029837Y0222016D01*
X0030127Y0221880D01*
X0030419Y0221750D01*
X0030715Y0221628D01*
X0031013Y0221513D01*
X0031314Y0221405D01*
X0031315Y0221406D02*
X0032693Y0220815D01*
X0275016Y0933217D02*
X0274766Y0933329D01*
X0274518Y0933447D01*
X0274274Y0933570D01*
X0274032Y0933700D01*
X0273794Y0933835D01*
X0273559Y0933976D01*
X0273327Y0934123D01*
X0273099Y0934275D01*
X0272874Y0934432D01*
X0272654Y0934595D01*
X0250016Y0954279D02*
X0249991Y0954599D01*
X0249972Y0954919D01*
X0249962Y0955239D01*
X0249958Y0955559D01*
X0249962Y0955879D01*
X0249972Y0956199D01*
X0249991Y0956519D01*
X0250016Y0956839D01*
X0251394Y0950933D02*
X0251562Y0950735D01*
X0251736Y0950540D01*
X0251913Y0950350D01*
X0252096Y0950164D01*
X0252283Y0949983D01*
X0252475Y0949806D01*
X0252670Y0949634D01*
X0252870Y0949467D01*
X0253074Y0949305D01*
X0253282Y0949148D01*
X0253493Y0948996D01*
X0253709Y0948849D01*
X0253927Y0948707D01*
X0254150Y0948571D01*
M02*
